23 4 7 8 13 14 15 21 22 23 25 26 27 33 35 45 47 65 66 69 77 84 132 179 
21 18 19 24 28 29 32 38 39 40 42 48 50 51 55 59 67 71 94 97 123 151 
24 34 36 44 53 56 57 58 60 61 64 68 70 73 76 78 81 83 100 104 120 126 135 149 165 
18 41 72 75 91 96 102 109 111 112 114 118 119 124 141 143 153 169 211 
17 80 92 95 105 113 117 121 122 131 138 139 140 145 152 154 173 178 
16 85 127 193 213 214 217 222 236 237 253 255 264 265 266 280 288 
21 87 99 103 107 125 128 129 146 147 155 158 160 190 199 201 205 215 228 229 231 240 
20 88 159 161 187 188 198 200 202 204 207 209 235 242 248 250 262 270 272 279 293 
18 108 110 133 136 137 144 156 157 163 170 177 181 182 192 196 206 208 247 
13 162 210 220 225 227 232 244 245 254 258 268 291 295 
3 164 294 299 
2 168 286 
4 184 249 276 285 
7 212 260 273 281 282 284 298 
2 275 290 
1 296 
0 
0 
0 
0 
0 
0 
0 
0 
0 
0 
0 
0 
0 
0 
0 
0 
0 
0 
0 
0 
0 
0 
0 
0 
0 
0 
0 
0 
0 
0 
0 
0 
0 
0 
0 
0 
0 
0 
0 
0 
0 
0 
0 
0 
0 
0 
0 
0 
0 
0 
0 
0 
0 
0 
0 
0 
0 
0 
0 
0 
0 
0 
0 
0 
0 
0 
0 
0 
0 
0 
0 
0 
0 
0 
0 
0 
0 
0 
8 216 246 259 261 263 267 271 277 
15 180 203 218 224 226 230 239 241 243 269 283 287 289 292 297 
1 167 
21 116 134 148 150 166 171 172 174 185 191 195 197 219 223 233 238 251 252 256 257 274 
20 54 62 63 74 79 82 86 89 90 93 98 101 106 115 142 176 186 189 194 278 
23 0 1 2 3 5 6 9 10 11 12 16 17 20 30 31 37 43 46 49 52 130 175 183 
