20 0 1 2 3 4 5 6 7 8 9 10 11 12 13 14 16 18 20 48 6885 
19 15 17 19 21 22 23 25 27 31 36 49 56 58 59 70 136 142 224 1929 
10 24 5983 6035 6037 6040 6046 6070 6373 6481 8120 
23 26 28 30 32 33 34 35 37 38 40 42 43 44 45 51 54 60 107 108 144 181 231 247 
23 29 39 41 46 47 50 52 53 62 63 64 65 67 68 71 73 75 79 82 86 329 1006 2163 
24 55 245 768 775 777 779 780 793 799 800 801 803 806 809 812 824 827 829 861 869 1148 1454 1758 2049 
12 57 178 180 229 270 287 289 307 314 383 685 1139 
17 61 498 499 510 512 515 520 525 528 551 570 573 593 623 637 662 807 
21 66 657 658 659 660 661 665 683 686 688 689 692 693 694 701 703 706 764 770 1088 1558 
25 69 1160 1163 1164 1165 1166 1167 1168 1169 1171 1174 1176 1179 1188 1217 1235 1243 1244 1249 1258 1280 1301 1306 1701 3313 
23 72 423 519 530 531 533 542 543 544 546 550 552 553 561 571 574 577 588 644 652 690 722 2897 
21 74 150 157 159 161 164 166 168 169 171 172 174 191 205 237 259 308 316 327 406 976 
22 76 77 78 80 81 83 85 87 90 93 94 96 99 101 111 123 131 145 176 234 321 710 
19 91 6456 6474 6475 6484 6491 6495 6505 6509 6511 6520 6524 6531 6535 6573 6715 6881 7356 8480 
10 92 2917 2927 2928 2930 2934 2935 2937 2938 2939 
12 95 203 301 334 362 410 436 447 472 638 1038 4538 
25 97 98 100 102 103 104 105 106 110 112 114 115 116 122 124 125 132 139 140 143 148 170 430 590 5606 
14 109 1097 1776 1777 1778 1798 1806 1807 1811 1848 1868 2210 2253 2300 
24 113 394 400 409 415 417 422 425 444 449 451 453 456 468 471 486 491 540 598 679 757 1003 4186 8301 
23 135 700 819 821 823 825 826 830 832 833 843 847 851 852 855 884 885 955 966 1014 1084 1137 2848 
23 137 138 141 146 147 152 156 158 160 162 163 167 173 179 192 197 204 221 251 263 295 557 1134 
11 175 5986 5990 5991 7235 7240 7247 7269 7297 8001 9172 
24 177 6607 6612 6615 6617 6618 6619 6622 6625 6629 6636 6637 6651 6655 6660 6661 6671 6690 6760 6796 6828 7051 7057 8606 
21 183 184 185 186 189 193 194 195 196 198 201 207 213 217 226 228 236 258 298 2770 3259 
20 190 921 922 929 930 933 934 935 936 938 940 958 963 973 988 1028 1086 1095 1204 8147 
22 199 369 374 376 377 378 379 387 402 405 414 420 426 446 452 469 488 566 840 1082 2276 8022 
14 211 212 225 230 232 233 246 264 265 296 302 424 675 1150 
23 219 4758 4773 4775 4776 4777 4782 4784 4786 4787 4789 4792 4798 4800 4802 4805 4809 4810 4812 4908 4995 5395 5891 
15 222 311 319 320 322 333 335 337 339 340 351 421 432 737 7441 
20 235 239 241 242 243 244 248 249 252 253 255 256 257 262 269 299 317 392 398 8543 
29 238 3167 3168 3170 3176 3181 3182 3186 3190 3192 3198 3201 3203 3209 3212 3213 3214 3217 3219 3226 3240 3280 3871 3931 4257 5436 6585 8178 9977 
23 254 266 267 271 272 274 275 276 278 279 280 281 282 283 288 305 309 323 324 371 455 465 626 
12 260 6404 6410 6418 6420 6425 6430 6438 6446 6460 6462 6463 
14 261 606 610 615 617 618 624 629 632 633 634 636 639 641 
17 268 277 284 285 286 290 292 293 294 304 310 343 390 401 790 796 1009 
16 273 1273 1309 1311 1313 1317 1319 1362 1370 1375 1379 1380 1467 1479 1573 5370 
12 297 300 306 325 331 336 345 427 443 707 1510 1948 
22 313 315 318 326 330 338 342 344 346 347 356 357 358 359 363 367 411 438 587 635 758 795 
24 328 6346 6352 6356 6357 6359 6360 6367 6374 6375 6376 6378 6379 6382 6385 6414 6428 6468 6472 6477 7166 7281 7669 9281 
15 354 364 373 386 393 404 407 413 416 418 429 440 535 910 3737 
13 365 563 569 575 581 600 603 630 712 729 794 811 1300 
18 368 385 388 395 399 433 434 441 450 460 466 479 480 562 602 669 1055 2664 
18 372 4059 4214 4223 4225 4227 4228 4236 4244 4247 4248 4249 4251 4258 4259 4262 4289 4325 
24 375 380 381 382 396 397 403 408 412 459 463 467 470 478 487 496 503 504 522 705 756 818 980 2271 
24 419 1305 1480 1487 1489 1491 1492 1494 1496 1499 1501 1502 1504 1505 1513 1516 1519 1526 1540 1542 1552 1600 1619 2411 
25 428 502 507 511 513 514 523 524 527 529 536 537 538 545 547 556 558 564 597 648 667 797 1614 1677 1887 
22 435 439 442 448 454 458 461 462 473 484 490 495 500 505 526 532 650 746 762 778 1019 2225 
22 445 489 493 494 497 501 506 508 509 516 517 518 521 534 539 548 555 702 749 759 805 5723 
9 457 475 476 3588 3600 3683 3702 3838 5174 
14 541 874 876 881 883 886 890 893 894 909 912 914 917 923 
21 554 713 720 726 730 736 740 742 744 748 752 760 785 838 848 858 879 900 901 926 994 
22 567 585 595 596 601 607 608 611 612 613 614 619 621 625 628 642 651 755 763 1093 1293 1923 
17 578 580 584 586 592 594 599 605 609 620 747 792 913 1180 1207 1210 1343 
17 583 6021 6023 6024 6026 6029 6047 6048 6053 6058 6059 6062 6064 6079 6083 6086 6090 
22 622 627 640 643 645 646 647 649 653 654 663 664 668 673 681 687 725 804 831 906 2130 9354 
16 655 769 873 877 880 887 889 904 905 915 932 937 1064 1115 1247 4662 
24 656 691 695 696 697 698 704 708 709 711 714 715 716 723 727 735 743 784 834 899 927 948 1020 2658 
17 666 670 671 674 676 678 680 682 684 717 765 781 788 844 998 1226 2273 
24 699 837 839 842 846 849 853 854 857 859 862 863 866 870 875 888 903 919 971 1059 1141 1522 2203 3346 
22 718 782 789 802 808 813 814 815 816 836 841 850 868 878 882 891 1044 1060 1898 1909 2227 8582 
20 734 739 741 751 753 754 761 767 771 772 774 776 786 787 798 810 822 828 1254 3586 
20 817 895 896 897 902 907 908 916 918 924 925 928 931 941 954 960 981 995 1087 3664 
9 856 864 865 867 871 872 898 911 1015 
23 892 3817 5161 5169 5170 5176 5180 5181 5183 5184 5186 5190 5191 5194 5195 5196 5199 5200 5223 5252 5316 5900 6170 
17 920 1138 1142 1145 1146 1151 1154 1155 1156 1157 1162 1172 1219 1234 1278 1377 1439 
10 942 1105 1107 1117 1123 1125 1130 1131 1136 1140 
16 943 946 947 949 953 959 964 968 972 1007 1021 1043 1052 1261 3514 3969 
18 945 5717 5721 5732 5741 5747 5754 5759 5761 5762 5765 5772 5774 5775 5776 5896 5931 7986 
15 950 961 993 1002 1004 1008 1016 1026 1033 1056 1063 1070 1077 1579 4929 
18 951 1030 1035 1037 1041 1042 1045 1047 1050 1053 1057 1091 1092 1099 1108 1118 1318 9898 
24 952 956 957 965 967 969 970 974 979 983 985 996 1011 1017 1032 1036 1039 1076 1128 1191 1312 1327 1653 1705 
22 975 6263 6269 6274 6280 6283 6293 6297 6301 6306 6308 6314 6315 6328 6351 6369 6394 6401 7039 7154 7459 8957 
24 977 982 984 986 987 989 990 991 997 999 1012 1029 1031 1034 1049 1080 1085 1202 1287 1576 1823 2055 8710 9766 
24 992 3307 3311 3317 3319 3325 3326 3328 3330 3331 3336 3339 3340 3342 3344 3353 3355 3357 3363 3486 3492 3535 6507 8874 
6 1005 1010 1013 1023 1025 1027 
13 1024 1040 1046 1048 1051 1058 1061 1074 1112 1120 1147 1456 3286 
15 1054 1067 1068 1069 1071 1072 1075 1078 1083 1089 1122 1129 1452 1514 1642 
26 1062 1073 1079 1081 1090 1094 1096 1098 1101 1103 1104 1109 1110 1116 1119 1124 1126 1127 1133 1149 1158 1173 1350 1488 3093 3478 
21 1065 2883 2889 2890 2892 2893 2894 2895 2898 2900 2901 2903 2907 2911 2913 2918 2929 2946 3274 3612 3690 
18 1100 5615 5620 5621 5622 5626 5627 5628 5630 5632 5639 5645 5648 5669 5737 5760 6364 7714 
14 1102 1106 1111 1113 1121 1132 1143 1144 1153 1161 1213 1473 1718 1805 
12 1135 1961 1965 1990 2001 2014 2080 2458 2554 2623 2880 8098 
20 1152 3055 3058 3066 3067 3068 3073 3075 3077 3079 3082 3085 3086 3284 3604 3627 3687 6853 8087 8862 
10 1159 1184 1185 1187 1196 1205 1216 1374 1427 9573 
19 1170 6125 6128 6132 6133 6134 6138 6140 6146 6149 6154 6165 6169 6175 6194 6214 6300 6576 8701 
22 1175 5285 5291 5295 5298 5301 5302 5303 5305 5306 5308 5313 5314 5320 5326 5328 5337 5354 5368 5404 6595 7766 
19 1177 1181 1182 1186 1197 1198 1200 1201 1203 1211 1220 1253 1262 1265 1266 1268 1270 1274 1284 
10 1192 1225 1229 1231 1241 1242 1279 1419 1586 3755 
21 1194 1206 1248 1250 1255 1259 1264 1275 1277 1291 1298 1321 1334 1336 1398 1425 1809 1972 2540 2659 3402 
8 1208 1236 1239 1246 1290 1303 1341 1559 
16 1227 3779 3786 3789 3793 3795 3798 3802 3807 3811 3813 3823 3824 3853 3957 8006 
18 1228 1240 1251 1252 1260 1272 1281 1286 1292 1296 1307 1329 1358 1360 1366 1367 1602 1652 
17 1267 1269 1276 1294 1297 1299 1302 1308 1310 1314 1316 1347 1354 1408 1544 2286 2618 
22 1320 1322 1323 1324 1325 1326 1328 1330 1337 1338 1340 1342 1345 1351 1361 1373 1385 1490 1585 1699 2818 4955 
18 1331 2061 2074 2076 2077 2079 2082 2086 2089 2095 2097 2099 2145 2188 2251 2337 3043 7252 
12 1332 1384 1386 1393 1396 1399 2117 2120 2266 2298 5230 5415 
17 1353 6584 6587 6589 6590 6591 6600 6623 6628 6632 6668 6688 6700 6845 7527 7825 9329 
13 1363 1369 1372 1376 1403 1409 1413 1437 1445 1495 1570 1722 9955 
14 1381 1382 1389 1391 1392 1394 1395 1400 1401 1405 1442 1536 1892 2544 
28 1402 6815 6831 6836 6842 6843 6848 6850 6856 6857 6858 6859 6861 6862 6863 6864 6866 6869 6906 6923 6925 6936 6951 6986 7163 7484 8044 9227 
28 1406 1436 1438 1441 1443 1444 1448 1449 1450 1451 1453 1455 1457 1458 1461 1463 1468 1469 1477 1483 1484 1506 1507 1594 1641 1826 1931 2169 
19 1407 5860 5881 5907 5908 5909 5910 5911 5913 5915 5919 5927 5928 5932 5935 6007 6019 6080 6350 
17 1411 1412 1414 1415 1416 1417 1420 1422 1423 1432 1434 1440 1462 1481 1497 1633 2840 
16 1421 1424 1428 1429 1430 1431 1433 1435 1446 1478 1482 1636 1966 2408 3069 4292 
23 1447 1459 1460 1464 1465 1466 1470 1471 1474 1475 1476 1485 1486 1493 1498 1517 1520 1549 1617 1983 2019 3097 3380 
16 1500 1563 1566 1567 1568 1571 1572 1574 1575 1577 1578 1582 1645 2326 2839 3883 
14 1503 1867 1873 1874 1878 1885 1889 1894 1895 1987 2094 2211 2221 2609 
15 1508 1509 1511 1512 1518 1521 1523 1524 1525 1531 1532 1534 1535 1538 1545 
23 1528 6361 6380 6398 6399 6402 6409 6413 6443 6447 6451 6452 6469 6471 6478 6497 6499 6635 6693 6717 7424 8396 8947 
21 1530 6245 6251 6255 6261 6265 6268 6270 6272 6279 6286 6289 6290 6298 6299 6309 6310 6323 6349 6968 7011 
13 1537 1548 1550 1551 1553 1554 1555 2508 2529 2683 4203 4479 8880 
23 1556 1557 1587 1588 1592 1593 1595 1598 1601 1603 1604 1610 1611 1612 1615 1616 1618 1621 1648 1659 1663 1841 1939 
17 1605 2015 2017 2023 2025 2034 2037 2039 2062 2068 2081 2085 2101 2136 2259 2277 2677 
14 1609 1622 1623 1624 1625 1626 1731 1732 1739 1801 1802 2457 3518 4145 
25 1613 1627 1628 1629 1630 1631 1632 1634 1638 1639 1643 1644 1649 1650 1654 1657 1661 1671 1673 1675 1683 1698 1751 4091 7472 
7 1620 6519 6522 6523 6525 6526 6527 
26 1635 5712 5716 5727 5743 5744 5746 5748 5751 5756 5763 5764 5767 5778 5793 5795 5796 5797 5800 5814 5822 5831 5839 6546 7215 7789 
23 1637 4742 5526 5529 5532 5534 5535 5537 5539 5540 5546 5548 5549 5552 5556 5561 5570 5609 5641 5657 5688 5973 8409 
16 1640 1797 1803 1816 1819 1822 1824 1827 1828 1829 1851 1858 1877 1903 1935 2032 
28 1647 1900 2495 2497 2501 2504 2505 2506 2513 2515 2517 2522 2524 2525 2526 2532 2533 2542 2545 2549 2575 2704 2725 2767 2847 2864 4338 4348 
22 1651 1655 1656 1660 1666 1667 1668 1670 1672 1678 1682 1687 1691 1694 1726 1728 2103 2152 2243 6458 7111 9796 
17 1664 2467 2468 2470 2473 2477 2478 2479 2480 2483 2484 2485 2487 2510 2629 2730 2773 
21 1674 5300 5304 5307 5310 5317 5323 5327 5329 5330 5331 5333 5336 5338 5418 5423 5429 5460 5545 8451 9476 
18 1676 1679 1681 1684 1685 1686 1688 1690 1692 1695 1703 1708 1759 1812 2219 2289 2410 9937 
21 1689 1710 1714 1715 1716 1717 1719 1720 1721 1725 1727 1736 1737 1740 1744 1754 1795 1837 1865 2322 2845 
24 1693 1724 1729 1733 1734 1738 1741 1743 1745 1746 1747 1748 1749 1750 1753 1760 1763 1808 1969 2073 2238 6748 6919 9555 
20 1696 5818 5852 5853 5856 5858 5861 5862 5864 5866 5870 5872 5877 5882 5884 5893 5894 5895 5937 8322 
16 1697 1700 1702 1704 1706 1707 1709 1711 1712 1713 1730 1742 1788 1813 1951 2134 
11 1723 2384 2814 2816 2820 2824 2855 2908 3046 8517 9677 
20 1735 1752 1755 1756 1761 1762 1764 1765 1766 1767 1769 1770 1772 1775 1793 1849 1938 2113 2157 2172 
18 1768 1771 1773 1774 1779 1780 1781 1782 1783 1785 1958 1991 2046 2133 2138 2200 3994 5543 
22 1792 6044 6066 6067 6068 6069 6076 6081 6082 6085 6099 6100 6102 6109 6144 6166 6183 6195 6209 6250 6273 6441 
12 1794 1815 1817 1962 2002 2013 2064 2321 2329 3110 3458 3812 
10 1804 1831 1832 1834 1835 1836 1839 1840 1842 1844 
26 1820 1883 1884 1886 1891 1896 1897 1901 1902 1904 1905 1906 1907 1911 1912 1914 1915 1916 1917 1919 1927 1952 1954 2594 3559 4158 
9 1830 1843 1845 1846 1850 1852 1853 1854 1855 
20 1833 1860 1861 1862 1863 1864 1869 1870 1871 1872 1875 1876 1881 1882 1890 1893 1899 2100 3892 4047 
20 1838 3149 3150 3155 3157 3160 3163 3165 3169 3171 3173 3174 3178 3183 3187 3206 3388 4803 6650 9558 
21 1856 6155 6159 6160 6164 6168 6172 6173 6178 6179 6181 6184 6187 6204 6215 6219 6229 6236 6335 6348 8526 
14 1857 6039 6049 6056 6075 6077 6091 6092 6095 6097 6107 6285 6384 7731 
14 1859 1908 1910 1913 1918 1920 1921 1922 1940 2083 2098 2252 2502 2691 
3 1866 1879 1880 
19 1888 1970 1973 1974 1976 1980 1982 1989 1996 2003 2029 2168 2588 2624 2806 3631 5398 7795 9472 
23 1924 6277 6296 6304 6305 6307 6313 6316 6319 6324 6325 6326 6332 6337 6339 6347 6362 6383 6417 6421 6685 6959 7146 
23 1925 1928 1930 1932 1933 1934 1936 1937 1941 1943 1944 1945 1950 1957 1971 1975 2066 2096 2193 2423 4695 5592 6603 
9 1926 2009 2020 2036 2041 2044 2045 2052 2053 
16 1942 1946 1947 1949 1953 1955 1956 2005 2010 2018 2067 2070 2421 2456 4133 8131 
26 1959 1960 1963 1964 1967 1968 1977 1979 1981 1988 1999 2004 2012 2016 2022 2028 2058 2069 2114 2161 2170 2185 2224 2312 3723 9430 
21 1978 1984 1985 1986 1994 1995 1997 2000 2011 2021 2024 2027 2030 2038 2047 2050 2071 2131 2361 2376 2964 
19 2008 2054 2056 2057 2059 2060 2063 2065 2072 2075 2078 2084 2087 2088 2092 2165 2196 5508 6721 
21 2102 2180 2181 2184 2187 2191 2192 2204 2205 2206 2213 2214 2215 2222 2226 2232 2249 2310 2583 2926 3204 
18 2104 2110 2112 2115 2116 2119 2121 2122 2124 2127 2150 2158 2195 2201 2223 2460 2593 8921 
15 2105 2198 2207 2209 2212 2301 2303 2328 2331 2369 2379 2521 3298 7223 8154 
8 2106 4470 4471 8054 8056 8058 8061 8319 
17 2107 2140 2147 2151 2153 2154 2156 2159 2160 2162 2164 2175 2177 2208 2474 3679 9326 
23 2108 6645 6648 6652 6654 6657 6659 6672 6674 6677 6678 6679 6687 6691 6918 6934 6954 7044 7096 7138 7832 8594 9117 
18 2109 6228 6239 6240 6243 6244 6247 6248 6253 6262 6276 6278 6295 6303 6311 6365 9334 9351 
8 2118 2316 2324 2333 2335 2338 2343 2346 
20 2123 2125 2126 2128 2129 2132 2137 2139 2141 2142 2144 2148 2149 2155 2182 2318 2339 2628 2698 4716 
22 2143 2247 2267 2268 2269 2270 2272 2274 2275 2279 2281 2284 2285 2295 2299 2334 2342 2349 2746 2877 3965 5265 
20 2166 2167 2171 2173 2174 2178 2179 2183 2186 2189 2190 2197 2199 2202 2258 2262 2490 2697 2819 4374 
11 2176 2280 2282 2283 2302 2391 2450 2606 2610 3012 3589 
15 2230 2288 2294 2308 2311 2336 2347 2380 2503 2643 2671 2679 3712 4160 4241 
24 2233 2355 2368 2373 2374 2377 2382 2383 2385 2386 2388 2389 2390 2393 2396 2398 2400 2405 2420 2428 2475 2491 2516 3620 
17 2235 5934 5941 5947 5948 5950 5951 5952 5956 5958 5959 5960 5961 5963 5965 5966 5975 
18 2240 2241 2244 2245 2246 2248 2250 2256 2260 2261 2263 2264 2265 4606 4697 5150 5848 9129 
22 2278 6327 6329 6331 6333 6336 6338 6340 6344 6345 6353 6363 6366 6370 6371 6372 6388 6408 6411 6534 6676 8847 
18 2290 2292 2293 2296 2297 2317 2319 2340 2348 2350 2363 2416 2446 2550 2833 2940 3218 5063 
22 2291 2304 2305 2309 2313 2314 2315 2320 2323 2325 2330 2332 2341 2344 2345 2351 2354 2371 2387 2392 2435 3028 
23 2327 2352 2357 2358 2359 2360 2362 2364 2365 2366 2367 2370 2375 2378 2381 2403 2419 2427 2488 2703 2786 2794 3562 
21 2394 6558 6562 6563 6565 6566 6567 6568 6571 6572 6574 6578 6588 6626 6646 6732 6761 6782 7748 8488 8527 
22 2395 6807 6814 6818 6821 6824 6825 6829 6830 6832 6833 6838 6839 6846 6854 6855 6894 6972 6979 7537 8398 8870 
19 2397 5757 5766 5768 5770 5771 5777 5779 5780 5781 5784 5789 5802 5833 5836 6177 6246 7311 7410 
20 2399 5654 5662 5663 5668 5674 5678 5679 5680 5681 5687 5696 5703 5707 5740 5749 5978 6533 7758 9909 
16 2401 2402 2404 2406 2407 2409 2412 2472 2476 2853 2993 3140 3238 3984 5714 6185 
18 2413 2414 2415 2417 2422 2425 2426 2430 2492 2574 2604 2734 3035 3224 3264 5449 8707 9661 
9 2418 5253 5255 5272 5362 5876 8567 9115 9168 
18 2424 6740 6745 6746 6751 6757 6758 6763 6769 6774 6776 6777 6787 6887 7052 7056 8453 9971 
20 2429 6192 6196 6197 6199 6200 6201 6203 6205 6211 6218 6223 6225 6230 6233 6254 6259 6291 6470 8927 
11 2431 2433 2434 2436 2437 2438 2439 2442 2443 2444 2445 
6 2455 2577 2585 2589 2590 2591 
12 2464 2660 2922 2968 3002 3003 3260 3349 3417 3500 4350 4725 
25 2482 6689 6747 6752 6756 6764 6765 6771 6779 6784 6793 6798 6799 6800 6801 6802 6803 6812 6835 6892 6933 7050 7881 9032 9916 
17 2507 2512 2518 2520 2523 2527 2534 2535 2541 2598 2637 2886 2914 3378 3656 4865 8839 
21 2511 3555 3564 3572 3575 3579 3583 3585 3594 3595 3597 3609 3610 3635 3650 3658 3668 3695 3964 5661 8538 
21 2531 6135 6139 6141 6150 6156 6157 6161 6163 6167 6171 6174 6176 6180 6224 6227 6232 6275 6287 6322 7093 
4 2536 2720 2732 2736 
23 2537 5507 5510 5514 5516 5517 5518 5519 5520 5522 5523 5524 5525 5527 5528 5530 5531 5542 5560 5683 5817 7518 8740 
21 2556 2557 2558 2561 2565 2566 2568 2570 2578 2580 2582 2584 2587 2615 2692 2925 3787 3836 4185 5476 5538 
20 2559 5914 5917 5920 5921 5925 5929 5930 5933 5936 5938 5940 5943 5945 5946 5949 6015 6492 8386 8508 
7 2573 2724 2727 2743 2747 2821 3111 
19 2576 5803 5808 5809 5810 5815 5816 5824 5826 5827 5828 5832 5840 5842 5845 5867 5889 5977 6127 
20 2595 6381 6386 6387 6389 6391 6392 6393 6407 6415 6416 6423 6429 6431 6432 6440 6448 6449 6482 6514 
27 2596 2622 2626 2630 2631 2632 2633 2634 2635 2636 2638 2640 2644 2645 2646 2647 2650 2655 2662 2666 2668 2716 2985 3184 3781 4506 4622 
21 2599 2600 2601 2602 2603 2605 2607 2611 2612 2613 2614 2616 2617 2619 2620 3386 3529 3688 5244 9217 9940 
20 2621 5324 5341 5343 5344 5347 5350 5353 5356 5357 5360 5364 5365 5392 5438 5447 5469 5499 6212 8808 
25 2639 3435 3439 3445 3449 3450 3451 3453 3454 3463 3466 3470 3473 3483 3484 3497 3563 3716 3720 3727 3734 3819 4295 4553 5390 
12 2641 6321 6598 6602 6620 6624 6826 6890 7030 7031 7042 7601 
17 2642 2648 2649 2651 2652 2653 2654 2670 2676 2678 2705 2707 2798 2976 3172 3229 3289 
19 2657 5481 5482 5484 5486 5490 5492 5493 5496 5498 5502 5505 5509 5515 5521 5731 6093 8123 8837 
27 2661 6630 6633 6634 6638 6639 6641 6642 6643 6647 6666 6667 6675 6682 6697 6704 6709 6720 6723 6731 6872 7022 7027 7151 7660 8405 9885 
20 2663 2690 2696 2702 2706 2710 2713 2715 2719 2721 2722 2739 2750 2761 2779 2823 2836 3255 5280 7058 
21 2665 6528 6529 6530 6532 6536 6537 6538 6539 6540 6542 6543 6545 6549 6551 6599 6606 6702 6955 6978 8726 
19 2667 5769 5782 5783 5785 5786 5792 5794 5799 5801 5804 5805 5807 5820 5823 5834 5846 5883 8331 
23 2673 3549 3554 3557 3561 3565 3566 3567 3568 3570 3573 3574 3587 3590 3598 3599 3649 3678 3744 3797 3848 5046 5571 
20 2675 2760 2762 2765 2766 2768 2769 2771 2777 2793 2803 2826 2832 2849 2878 2888 2961 3107 3975 9536 
22 2680 2681 2682 2684 2685 2686 2687 2688 2693 2694 2699 2700 2708 2712 2728 2733 2744 2775 2822 3095 3304 3749 
7 2718 2759 2772 2795 2812 3347 3643 
26 2731 2797 2799 2802 2808 2809 2810 2817 2825 2829 2831 2835 2837 2841 2842 2844 2851 2891 2932 2962 3015 3041 3987 4683 8350 9781 
17 2753 5649 5651 5655 5658 5670 5675 5676 5677 5691 5726 5752 5787 6112 8106 8683 9635 
10 2754 2758 2827 2858 2860 2902 3533 3677 3719 4243 
14 2756 4493 4507 4511 4515 4517 4518 4520 4530 4542 4610 4785 4844 7049 
21 2774 2776 2780 2781 2782 2783 2787 2790 2796 2804 2805 2834 2868 2871 2872 2953 2970 3180 3335 4018 4281 
21 2784 6649 6656 6658 6662 6669 6680 6681 6683 6684 6692 6707 6714 6734 6736 6837 6899 6962 6991 8076 8218 
16 2788 2846 2850 2852 2854 2856 2857 2859 2861 2863 2866 3042 3143 3310 3591 5629 
16 2791 6220 6231 6235 6237 6238 6267 6281 6282 6284 6330 6343 6390 6496 6521 8122 
18 2828 3362 3365 3366 3372 3373 3374 3376 3379 3382 3383 3385 3401 3407 3504 4054 4057 8704 
24 2838 3090 3092 3098 3102 3104 3112 3117 3121 3123 3127 3130 3136 3142 3144 3151 3153 3166 3275 3415 3576 3637 3858 4799 
7 2867 2876 2881 2882 2884 2885 2887 
17 2869 2979 2981 2982 2984 2989 2994 2995 2996 3006 3009 3010 3013 3019 3020 3327 3887 
6 2873 3527 3531 3532 3537 3539 
19 2874 6822 6849 6851 6865 6868 6871 6873 6874 6877 6880 6882 6883 6897 6904 6945 6958 7332 8411 
17 2875 5445 5465 5466 5472 5473 5475 5477 5478 5623 5624 5644 5735 5753 5790 8163 8336 
16 2896 2899 2904 2906 2909 2910 2915 2916 2919 2921 2923 2924 2931 2933 2936 2951 
24 2912 2941 2942 2943 2957 2963 2966 2967 2969 2972 2977 2978 2990 2991 3000 3001 3033 3040 3056 3080 3113 3408 4103 9915 
27 2944 2945 2947 2948 2950 2952 2954 2955 2956 2958 2959 2960 2965 2971 2974 2980 2987 2988 3004 3037 3063 3106 3128 3652 3665 4909 8019 
19 2973 6078 6089 6094 6098 6101 6103 6104 6105 6106 6114 6116 6117 6126 6136 6153 6193 6207 8202 
22 2975 5829 5830 5835 5837 5838 5843 5844 5847 5849 5850 5851 5863 5869 5871 5873 5897 5922 5964 6051 8057 9747 
23 3005 3029 3030 3047 3050 3051 3054 3057 3062 3065 3070 3072 3074 3076 3078 3087 3089 3091 3179 3641 3928 5665 9614 
23 3008 3017 3022 3024 3026 3031 3036 3038 3039 3044 3052 3053 3060 3061 3071 3100 3254 3287 3441 3860 6271 8282 9577 
17 3025 3083 3088 3094 3096 3099 3101 3109 3115 3118 3125 3131 3132 3162 3252 8552 9391 
22 3049 3114 3116 3119 3122 3124 3133 3135 3137 3139 3141 3145 3158 3164 3175 3177 3189 3250 3520 3791 4156 9454 
20 3103 6547 6548 6550 6552 6553 6554 6555 6556 6557 6560 6561 6564 6640 6673 6788 6944 6981 7131 7533 
10 3105 6541 6544 7783 7784 7785 7788 7824 7959 8618 
18 3108 4948 4950 4952 4954 4960 4961 4963 4964 4974 4975 4983 4994 4998 5204 5361 5682 9782 
10 3129 5954 5955 5957 5962 5967 5969 5972 5974 5985 
11 3138 3146 3147 3152 3154 3159 3161 3488 3876 4052 7460 
19 3148 6593 6596 6597 6601 6604 6605 6608 6609 6610 6631 6781 6792 6844 6876 7069 8337 9432 9517 
6 3188 3191 3193 3195 3205 3207 
5 3194 3197 3199 3200 3202 
28 3196 6767 6780 6783 6786 6794 6804 6805 6806 6808 6809 6810 6811 6813 6816 6820 6823 6827 6847 6860 6905 6929 6949 7012 7170 7305 7733 8850 
11 3208 6517 7436 7437 7439 7447 7449 7454 7476 7822 8126 
13 3210 3215 3216 3220 3221 3222 3223 3225 3611 3978 4242 4296 4320 
15 3211 3227 3228 3230 3243 3244 3246 3248 3268 3273 3343 3405 3543 5697 8535 
17 3231 3368 3370 3375 3377 3381 3479 3489 3503 3506 3653 3814 3922 3983 4157 5293 9749 
23 3232 3233 3234 3235 3237 3241 3242 3247 3251 3256 3258 3261 3262 3266 3267 3272 3715 4151 4161 4324 4554 6241 9404 
27 3236 5564 5566 5567 5569 5572 5579 5583 5584 5590 5593 5594 5595 5597 5600 5605 5607 5611 5612 5634 5750 5806 6045 6088 7776 7845 8113 
13 3239 4601 5424 5479 5480 7404 7409 7411 7412 7413 7469 7496 7937 
22 3245 3249 3257 3263 3269 3270 3271 3277 3278 3282 3283 3285 3293 3296 3301 3302 3322 3422 3522 3863 4013 9350 
20 3292 3295 3299 3300 3305 3308 3314 3315 3316 3318 3320 3323 3324 3332 3337 3348 3350 3633 4332 4432 
11 3294 5387 5393 5400 5405 5409 5417 5420 5422 5426 5441 
12 3321 3460 3487 3517 3519 3548 3899 4226 4305 4424 5058 5953 
16 3329 6485 6493 6498 6502 6503 6512 6513 6515 6725 6768 6895 6993 7752 8090 9294 
15 3333 3345 3351 3352 3354 3356 3359 3360 3361 3367 3390 3644 3742 5225 9178 
11 3334 3338 3341 3745 3777 3794 3815 3890 4040 4962 6113 
12 3358 3423 3428 3431 3437 3440 3467 3558 3676 3780 4490 8641 
21 3364 5557 5562 5574 5575 5576 5577 5582 5585 5587 5588 5589 5613 5617 5667 5685 5825 6266 7974 8554 8789 
22 3371 3384 3387 3389 3391 3392 3393 3394 3395 3397 3399 3406 3412 3419 3427 3456 3464 3671 4451 6294 7888 8893 
17 3396 3398 3403 3404 3411 3413 3414 3416 3418 3421 3425 3429 3432 3438 3452 3472 3705 
21 3409 3410 3420 3424 3426 3430 3433 3434 3436 3443 3446 3447 3448 3455 3481 3485 3515 3741 3929 5720 8541 
14 3444 4679 4682 4689 4692 4698 4712 4737 4751 4774 4779 4790 5504 9532 
20 3457 3509 3510 3512 3513 3524 3526 3530 3534 3536 3538 3545 3577 3581 3642 3800 3868 4140 4268 9131 
20 3471 3475 3490 3493 3496 3499 3501 3502 3505 3507 3511 3521 3523 3525 3552 3698 3703 4883 5854 7393 
11 3540 3541 3542 3544 3546 3547 3550 3551 3553 3556 3560 
18 3578 3582 3584 3592 3593 3606 3625 3628 3639 3659 3670 3706 3769 3944 4132 4172 5471 6494 
14 3608 3613 3621 3630 3660 3662 3684 3711 3837 4179 4261 4273 6242 8468 
20 3615 3691 3692 3693 3694 3701 3721 3735 3750 3753 3763 3796 3801 3804 3996 4005 4531 4741 5179 8414 
23 3616 6706 6724 6735 6741 6742 6749 6762 6772 6773 6775 6778 6785 6790 6791 6841 6915 6928 6950 6998 7165 8083 9201 
23 3622 6663 6695 6710 6711 6718 6719 6727 6729 6730 6737 6739 6743 6744 6817 6852 6867 6889 6943 7112 7642 8255 8523 
12 3640 3647 3762 3788 3834 3864 3950 4134 4723 7289 8327 9126 
12 3651 3717 3729 3748 3751 3774 3822 3835 3971 4126 7586 8199 
11 3654 3681 3682 3713 3725 3733 3914 4079 4568 5273 9123 
11 3655 3663 3666 3667 3673 3675 3680 3685 3689 3699 3709 
20 3697 4071 4072 4074 4080 4085 4086 4087 4089 4092 4093 4097 4100 4131 4142 4392 4463 4752 7863 8613 
14 3708 3730 3731 3747 3756 3805 3809 3872 3942 4049 4277 7818 8043 8221 
13 3732 6570 6575 6579 6580 6581 6582 6583 6594 6611 6621 6627 6911 
18 3739 3740 3746 3752 3754 3757 3759 3761 3765 3767 3768 3771 3803 3882 3898 4308 6434 7744 
16 3743 3758 3760 3911 3912 3916 3917 3954 4010 4083 4315 4339 5125 8185 8461 9097 
12 3770 6377 6395 6396 6397 6400 6419 6427 6435 6445 6461 7408 
26 3772 6670 6694 6696 6698 6699 6703 6705 6708 6712 6713 6716 6722 6726 6728 6733 6738 6755 6766 6926 6937 6941 7121 7772 8168 8424 
23 3773 3775 3776 3778 3782 3783 3784 3785 3790 3799 3806 3808 3810 3820 3831 3934 3995 4061 4197 4393 5874 7335 7978 
9 3816 5541 5550 5553 5558 5559 5565 5568 5573 
15 3818 3827 3828 3832 3841 3844 3852 3888 3889 3932 4231 4446 5458 7946 9875 
21 3821 3966 3974 3976 3981 3982 3986 3992 3997 3999 4000 4025 4026 4030 4201 4216 4298 4303 4337 6559 9067 
25 3826 3829 3830 3833 3839 3840 3842 3843 3845 3846 3847 3851 3854 3856 3873 3878 3881 3897 3900 3941 4108 4162 4778 5547 6795 
28 3849 3855 3859 3862 3865 3866 3867 3874 3875 3877 3879 3893 3894 3895 3896 3902 3907 3908 3913 3919 3920 3927 3937 4037 4275 4364 7831 8825 
16 3885 5992 5994 5995 5996 5997 5998 5999 6000 6001 6006 6008 6010 6014 6017 6018 
23 3891 5235 5237 5267 5279 5282 5284 5286 5287 5288 5289 5290 5292 5297 5309 5315 5319 5321 5325 5345 5581 6433 7898 
16 3901 4058 4064 4070 4118 4136 4144 4166 4271 4294 4510 5239 5312 8171 8375 8503 
21 3904 3905 3906 3909 3910 3915 3921 3924 3925 3926 3935 3939 3953 3955 3956 3998 4022 4069 6613 8454 9786 
14 3918 5487 5491 5495 5500 5503 5506 5511 5512 5513 5646 7359 7781 8299 
16 3930 4450 4455 4464 4467 4480 4488 4492 4534 4574 4589 4808 4897 5865 6260 9771 
15 3936 3943 3946 3948 3959 3960 3961 4001 4081 4169 4181 5029 5857 8372 9443 
15 3938 6182 6186 6188 6189 6190 6569 6577 6586 6592 6616 7035 7337 8132 9753 
21 3970 5381 5382 5385 5386 5389 5391 5394 5411 5414 5416 5419 5421 5427 5430 5432 5439 5536 7427 8084 9061 
15 3972 3989 3990 3991 3993 4002 4003 4006 4041 4110 4146 4313 4380 4390 9099 
23 3988 5182 5187 5188 5189 5193 5201 5203 5205 5206 5208 5210 5211 5215 5216 5217 5229 5231 5236 5348 7295 8210 9417 
17 4007 6198 6202 6206 6208 6213 6216 6222 6226 6234 6249 6256 6341 6355 7008 7023 7720 
23 4009 4028 4029 4034 4035 4043 4045 4046 4055 4060 4062 4068 4075 4082 4210 4306 4402 4413 4728 5494 6931 7828 9088 
18 4011 4023 4031 4032 4033 4036 4038 4039 4044 4051 4175 4183 4375 4383 5055 6087 8392 9013 
9 4012 4014 4016 4017 4019 4020 4021 4024 4027 
16 4048 4053 4063 4065 4067 4073 4076 4102 4155 4182 4199 4288 4354 5446 7123 7753 
25 4050 6412 6424 6450 6454 6455 6457 6466 6473 6476 6480 6483 6486 6488 6490 6500 6504 6506 6508 6510 6516 6653 6988 7718 8908 
17 4056 6403 6406 6422 6426 6436 6437 6442 6444 6459 6464 6487 6489 6501 6614 7719 8365 
25 4066 4098 4107 4109 4112 4113 4114 4115 4117 4119 4125 4128 4135 4176 4178 4253 4283 4391 4769 4841 5434 5855 7641 8352 9719 
17 4123 4130 4137 4138 4152 4165 4173 4192 4193 4363 4399 4418 5388 5647 7624 7955 8685 
21 4139 4196 4200 4205 4207 4211 4213 4217 4219 4221 4224 4235 4237 4240 4252 4304 4422 4431 4811 7540 8137 
21 4141 4143 4147 4153 4154 4159 4163 4167 4168 4187 4188 4190 4191 4232 4238 4239 4284 4310 4476 4750 8910 
23 4150 4164 4170 4171 4184 4194 4195 4198 4202 4204 4206 4209 4212 4218 4222 4234 4254 4287 4401 4729 4759 5819 8625 
18 4208 4274 4278 4282 4285 4290 4291 4293 4297 4299 4300 4301 4540 4545 4551 4968 5232 7904 
21 4233 6110 6115 6119 6120 6121 6122 6123 6124 6129 6130 6131 6137 6142 6145 6162 6217 6302 6317 6334 6665 
26 4245 4246 4250 4255 4256 4263 4264 4265 4266 4270 4272 4276 4279 4280 4312 4322 4333 4342 4367 4434 4691 4905 5666 6210 7977 9390 
24 4260 5554 5598 5601 5602 5603 5608 5610 5614 5618 5619 5625 5633 5638 5643 5671 5673 5788 5812 7001 7517 7869 8166 8611 
12 4302 4404 4405 4409 4410 4411 7416 7419 7423 7426 7591 7842 
13 4307 5885 5890 5902 5903 8775 8776 8777 8778 8780 8797 8818 8887 
20 4314 4318 4330 4331 4334 4335 4336 4340 4341 4343 4344 4345 4351 4359 4360 4361 4412 4820 7725 8467 
13 4346 6252 6264 6292 6312 6318 6320 6354 6358 6368 6914 7375 8124 
18 4347 4468 4469 4504 4512 4513 4514 4524 4548 4556 4896 5065 5591 5798 6073 7722 9196 9309 
20 4349 4414 4421 4423 4425 4426 4427 4429 4430 4433 4436 4438 4439 4444 4447 4580 5455 6257 7976 8669 
19 4352 4353 4355 4356 4357 4358 4362 4365 4369 4370 4381 4416 4519 4563 4731 4904 7604 7670 8429 
23 4366 4368 4371 4372 4373 4376 4378 4382 4384 4385 4386 4388 4389 4395 4419 4458 4474 4484 4508 4570 4641 4911 6063 
12 4428 5981 5982 9312 9315 9317 9318 9323 9331 9332 9336 9339 
21 4472 4475 4477 4478 4481 4482 4485 4486 4487 4489 4491 4496 4500 4501 4505 4527 4599 4795 4901 6465 8572 
20 4473 4575 4582 4583 4584 4585 4587 4588 4598 4609 4612 4627 4640 4668 4735 4927 4951 6016 7161 8222 
17 4528 4529 4532 4539 4549 4562 4567 4571 4573 4596 4600 4700 4886 5318 7133 7577 9203 
25 4586 4593 4594 4595 4597 4602 4605 4607 4608 4614 4617 4619 4620 4621 4626 4631 4650 4655 4670 4671 4676 4726 5130 5652 7813 
18 4590 5372 5373 5374 5375 5377 5379 5380 5383 5384 5396 5397 5412 5431 5616 5637 8174 8941 
9 4591 4921 4924 4930 4935 4937 4938 4939 4941 
20 4613 5245 5250 5256 5259 5260 5262 5263 5268 5270 5271 5274 5277 5278 5281 5485 5533 6467 8690 8712 
17 4615 4618 4657 4659 4661 4665 4666 4673 4686 4696 4699 4701 4714 4722 4730 4732 4736 
19 4623 4624 4625 4628 4629 4632 4634 4636 4647 4660 4663 4672 4680 4707 4760 4780 4861 4976 6518 
23 4630 4842 4843 4845 4848 4851 4852 4853 4854 4856 4857 4874 4876 4878 4900 4917 4923 4931 5011 5311 6258 7315 7983 
22 4635 4637 4638 4639 4642 4643 4645 4656 4658 4664 4677 4685 4688 4690 4694 4715 4727 4743 4753 5047 7244 7673 
19 4644 4651 4652 4653 4654 4667 4669 4674 4675 4678 4681 4684 4708 4719 4721 4763 5202 6405 7985 
23 4648 4687 4693 4703 4704 4705 4709 4710 4711 4718 4738 4739 4740 4745 4748 4755 4757 4860 5024 5413 5474 7526 7623 
17 4706 6031 6033 6034 6041 6042 6043 6055 6061 6072 6084 6108 6148 6151 7310 7969 9005 
23 4713 4720 4733 4749 4756 4761 4764 4765 4767 4768 4770 4771 4772 4801 4804 4814 4816 4822 4864 4922 4967 4977 5376 
18 4717 4724 4734 4744 4746 4747 4754 4762 4766 4783 4797 4859 5162 5269 5659 7184 7268 8089 
19 4781 5635 5636 5640 5642 5650 5656 5660 5664 5684 5689 5694 5706 5738 5745 5791 5813 7402 7597 
14 4788 4794 4806 4807 4815 4817 4819 4821 4824 4825 4827 4840 4850 4868 
17 4826 4829 4831 4832 4835 4837 4847 4849 4870 4889 4945 4972 4996 5342 6994 7303 8463 
19 4828 5133 5134 5135 5139 5140 5143 5149 5151 5152 5153 5157 5164 5177 5207 5242 5248 7144 7239 
14 4830 4833 4834 4836 4838 4928 4933 4943 4956 5131 5148 5159 7084 7189 
25 4855 6002 6003 6004 6009 6012 6013 6020 6022 6025 6027 6028 6030 6036 6038 6050 6054 6065 6071 6074 6096 6147 6917 7950 7964 
23 4858 5072 5073 5074 5076 5078 5079 5080 5081 5082 5083 5084 5085 5092 5093 5095 5096 5111 5126 5127 5141 7073 7152 
14 4862 4877 4885 4899 4906 4907 4912 4913 4915 4916 4919 4932 4936 4949 
27 4863 4866 4867 4869 4871 4872 4875 4879 4880 4881 4884 4888 4890 4892 4893 4895 4898 4902 4903 4925 4926 4934 5044 5563 7485 7702 8519 
15 4873 5970 5971 5976 5979 5980 5984 5987 5989 5993 6005 6011 6032 6158 7589 
10 4882 5192 5212 5213 5214 5218 5219 5220 5221 5226 
15 4894 5698 5708 5709 5710 5711 5713 5719 5724 5725 5730 5733 5734 5739 5742 
15 4910 5402 5406 5425 5428 5433 5437 5442 5444 5551 5555 5580 5653 7382 7649 
23 4914 4959 4966 4971 4973 4980 4981 4986 4988 4989 4990 4992 4993 4997 5000 5010 5013 5015 5037 5048 5604 5631 7751 
26 4920 5868 5875 5878 5879 5880 5887 5888 5892 5898 5899 5901 5904 5905 5906 5912 5916 5918 5924 5926 5942 6057 6118 7136 7820 8612 
23 4940 4942 4944 4946 4947 4953 4957 4958 4965 4969 4970 4978 4979 4982 4985 4991 4999 5028 5030 5051 5147 7565 7593 
22 4984 5001 5002 5004 5005 5006 5007 5008 5009 5014 5016 5019 5022 5035 5038 5053 5056 5075 5138 6840 7487 9069 
14 5012 5017 5027 5034 5043 5045 5049 5050 5054 5061 5062 5064 5066 5067 
24 5060 5497 5686 5690 5692 5693 5695 5699 5700 5701 5702 5704 5705 5715 5722 5728 5729 5736 5755 5773 5811 6789 7087 7368 
25 5068 5440 5448 5451 5452 5453 5454 5456 5457 5461 5462 5463 5464 5467 5468 5470 5483 5488 5489 5544 5596 5718 7126 7371 7606 
18 5069 5335 5351 5352 5358 5359 5366 5367 5369 5371 5399 5401 5403 5450 5459 5599 7068 8654 
13 5070 5071 6750 6754 6759 6797 6878 6886 6891 6973 7074 7079 7358 
17 5086 5299 5332 5339 5340 5346 5349 5355 5363 5378 5407 5410 5435 5443 6664 6819 7834 
12 5087 5090 5091 6644 6701 6770 6948 7026 7032 7034 7300 7374 
21 5088 5089 5097 5098 5099 5100 5101 5102 5103 5104 5105 5106 5109 5110 5114 5115 5121 5251 5296 6479 7290 
22 5094 5107 5112 5113 5116 5117 5118 5119 5122 5123 5124 5128 5129 5132 5136 5142 5144 5145 5146 5198 5758 7343 
26 5120 5222 5227 5228 5233 5234 5238 5240 5241 5243 5246 5247 5249 5257 5258 5261 5264 5266 5275 5276 5283 5322 6990 7017 7350 7559 
22 5154 5155 5156 5158 5160 5163 5165 5166 5167 5168 5171 5172 5175 5178 5185 5197 5209 5224 5294 5944 6439 7348 
16 4839 5018 5021 5023 5025 5026 5031 5032 5033 5036 5039 5040 5041 5042 5052 5059 
26 4525 4536 4537 4541 4544 4546 4550 4552 4555 4558 4559 4561 4564 4566 4569 4576 4578 4579 4581 4603 4616 4633 5003 5334 7283 8002 
26 4494 4495 4497 4498 4499 4502 4503 4521 4523 4526 4533 4535 4543 4547 4560 4565 4572 4577 4702 4813 4918 5077 5988 7083 7181 9637 
28 4435 4437 4440 4441 4442 4443 4448 4449 4452 4453 4454 4456 4457 4459 4460 4461 4462 4465 4466 4509 4516 4791 4823 5408 6997 7257 8499 8674 
18 4377 4379 4387 4394 4396 4397 4398 4400 4403 4406 4407 4415 4420 8865 8866 8877 8884 8925 
15 4094 4309 4316 4317 4323 4326 4327 4328 4329 7214 7216 7221 7228 7241 9931 
24 4008 4078 4084 4088 4090 4096 4099 4101 4104 4105 4106 4111 4121 4122 4148 4215 4229 4230 4408 4611 6052 7029 7054 7617 
24 3869 3940 3947 3949 3951 3952 3958 3962 3963 3967 3968 3973 3977 3979 3980 4004 4015 4077 4180 4189 4220 5939 6288 7539 
15 3696 3707 3710 3714 3722 3736 3738 3764 3884 3933 4095 4129 4269 4286 6152 
24 3607 3623 3624 3629 3632 3636 3645 3646 3648 3657 3661 3669 3672 3674 3686 3700 3704 4116 4174 4267 4522 5923 7002 7053 
15 3580 3596 3601 3602 3603 3605 3614 3626 3634 3726 3728 3792 3903 7238 7251 
24 3442 3459 3461 3462 3465 3468 3469 3474 3476 3477 3482 3494 3495 3498 3508 3516 3766 3886 3923 4445 4649 6992 6999 8046 
16 3156 3253 3276 3281 3290 3291 3297 3303 3306 3309 3312 3571 3718 3724 4592 6111 
22 2920 2949 2986 2992 2997 2999 3007 3011 3016 3018 3023 3027 3034 3045 3048 3059 3081 3084 3265 3400 6191 7307 
20 2735 2738 2741 2742 2745 2748 2751 2778 2785 2789 2800 2801 2811 2830 2843 3126 3185 3279 7204 8942 
17 2695 2711 2714 2717 2729 2737 2740 2749 2752 2757 2763 2792 2865 3369 3945 5057 6995 
13 2571 2581 2656 2672 2674 2701 2723 2870 2905 4149 4311 4987 7201 
22 2519 2538 2539 2543 2546 2547 2548 2551 2552 2553 2555 2560 2563 2567 2569 2572 2579 2625 2689 2764 3014 4127 
18 2465 2486 2489 2493 2494 2496 2498 2499 2500 2514 2562 2807 2879 2998 3032 3880 7481 8802 
20 2356 2432 2440 2447 2451 2452 2453 2454 2459 2461 2462 2466 2469 2471 2481 2726 2815 3134 6453 7261 
23 2135 2216 2217 2218 2220 2228 2229 2231 2234 2236 2237 2239 2242 2254 2255 2257 2306 2372 2564 2592 3480 4319 7038 
22 1992 1993 2006 2026 2031 2033 2035 2040 2042 2043 2048 2051 2091 2093 2111 2146 2194 2307 2353 2608 4042 8196 
22 1757 1784 1786 1787 1789 1790 1791 1796 1799 1800 1810 1814 1818 1821 1825 1847 2287 2449 3064 3857 6964 7855 
23 1543 1560 1561 1564 1565 1580 1583 1584 1589 1590 1591 1596 1597 1606 1607 1608 1658 1662 1665 1669 1680 2007 8569 
12 1515 1527 1529 1533 1539 1541 1546 7089 7095 7100 7160 8684 
25 1315 1335 1346 1348 1349 1352 1355 1357 1364 1365 1368 1371 1383 1387 1388 1390 1397 1404 1426 1581 1599 2090 2862 3619 7611 
21 1209 1215 1218 1221 1222 1223 1232 1233 1245 1256 1257 1263 1271 1282 1283 1289 1333 1356 1359 1378 7723 
17 1066 1178 1183 1189 1193 1199 1214 1224 1237 1238 1285 1288 1295 1472 1547 2586 7405 
20 672 677 719 721 724 728 731 732 733 738 745 750 860 944 1195 1230 1418 3618 7681 8036 
18 549 559 560 565 568 572 576 582 589 591 604 631 783 791 845 962 4891 7105 
7 474 477 481 482 483 485 492 
17 303 332 348 350 352 353 355 361 366 370 384 389 579 616 2441 2813 7509 
22 187 200 202 206 208 209 210 214 215 216 220 223 227 250 291 312 341 349 360 391 1001 1304 
24 84 88 117 118 119 120 121 126 127 128 129 130 133 134 149 151 153 154 155 165 182 188 431 437 
