65 0 1 2 3 4 5 6 7 8 9 10 11 12 14 17 18 19 20 21 24 25 28 29 30 31 32 37 39 41 44 46 47 48 50 52 56 63 64 65 72 75 77 79 85 88 98 103 105 113 114 119 120 121 124 126 127 145 202 212 224 233 277 470 519 694 
59 13 15 16 22 23 26 33 34 35 36 38 43 51 53 54 55 57 58 59 66 67 71 76 86 92 95 96 97 99 100 101 104 118 122 129 136 137 139 142 146 148 149 151 160 166 172 181 192 196 205 240 253 265 282 283 341 362 411 419 
67 27 40 68 82 89 91 93 107 111 117 132 134 135 140 141 150 157 161 168 169 178 183 189 193 198 210 211 213 214 222 226 234 241 244 246 247 248 255 260 268 269 272 293 296 298 312 316 349 372 374 399 415 426 427 439 448 451 467 491 518 537 764 819 824 973 1099 1154 
66 45 78 90 108 128 130 144 147 158 163 164 167 173 174 177 194 199 203 223 225 228 231 237 239 245 254 263 264 270 274 278 279 285 297 299 302 303 307 315 317 329 342 346 351 366 423 441 442 453 455 480 486 497 501 556 561 574 578 655 696 697 711 722 960 1766 4361 
57 94 102 138 159 170 171 182 184 185 190 200 204 208 209 216 219 230 243 249 257 258 259 292 305 318 324 325 326 335 337 347 348 354 355 364 370 401 410 433 458 459 464 485 509 516 517 573 575 587 617 637 825 845 849 900 969 1199 
59 152 275 280 281 304 309 338 343 357 358 363 365 373 380 383 385 391 392 400 409 413 428 452 475 492 494 505 507 512 514 522 533 536 538 583 588 591 595 599 608 631 651 652 658 661 692 695 699 714 717 730 731 796 852 869 946 1212 1298 2507 
63 156 175 188 191 215 220 221 229 232 236 238 250 252 261 266 290 300 301 310 313 322 331 334 339 345 361 367 369 376 379 381 386 388 398 407 414 424 438 454 463 469 488 506 520 542 543 547 566 581 616 621 624 677 769 788 836 870 936 977 1177 1363 1635 1648 
66 207 227 256 271 273 276 288 289 291 294 308 311 319 320 323 332 353 356 359 360 382 384 387 394 403 406 412 418 430 440 444 449 461 471 478 481 483 490 495 500 508 524 535 549 562 579 607 614 622 632 634 638 640 641 749 806 860 937 950 953 966 1001 1185 1289 1445 2107 
60 327 395 405 429 446 460 462 473 489 504 513 541 565 576 594 597 609 615 636 642 643 664 669 673 693 700 733 744 755 756 759 761 763 774 776 786 797 821 823 826 828 857 880 889 892 1015 1071 1105 1115 1150 1184 1211 1255 1313 1350 1399 1653 1778 1868 2084 
70 436 445 450 457 477 479 487 515 555 571 572 589 590 606 619 620 644 648 670 680 683 686 709 710 713 729 751 758 762 772 775 782 801 802 803 807 812 815 827 829 830 840 842 847 853 864 867 876 885 890 894 897 898 932 942 948 978 1119 1181 1227 1263 1270 1295 1323 1327 1345 1367 1508 2103 2436 
63 474 476 482 498 502 540 659 663 676 678 684 703 704 745 760 793 833 848 865 868 872 881 907 909 911 916 918 922 947 958 981 999 1013 1026 1033 1041 1043 1058 1065 1075 1077 1078 1107 1110 1129 1183 1237 1279 1281 1287 1305 1316 1333 1428 1464 1473 1484 1665 2007 2155 2254 2338 2451 
63 526 548 551 552 598 605 610 629 630 662 674 685 689 715 718 734 741 753 777 778 781 798 799 805 831 834 838 866 875 884 887 903 904 905 912 913 921 935 944 945 959 963 983 1005 1017 1031 1061 1108 1209 1254 1266 1288 1369 1385 1540 1559 1697 1738 1791 1864 1911 1921 2149 
65 553 773 811 961 968 979 1016 1025 1042 1055 1076 1081 1096 1098 1118 1120 1132 1158 1166 1168 1182 1189 1206 1214 1280 1303 1314 1321 1352 1353 1358 1382 1391 1439 1456 1480 1563 1565 1582 1591 1722 1729 1755 1775 1782 1814 1827 1841 1857 1869 1874 1957 2094 2170 2308 2345 2357 2380 2400 2444 2456 2494 2497 2894 6575 
66 558 570 596 612 656 665 667 706 721 738 740 768 771 792 794 800 841 871 878 886 893 924 933 954 965 982 984 986 989 998 1047 1050 1057 1073 1084 1087 1090 1101 1116 1153 1155 1157 1162 1202 1208 1232 1297 1311 1374 1375 1378 1404 1474 1509 1543 1550 1601 1607 1727 1851 2213 2267 2406 2611 3517 4644 
65 577 601 625 626 687 702 736 779 780 784 785 791 813 851 883 902 925 926 943 972 991 995 997 1002 1003 1029 1046 1052 1054 1063 1068 1088 1117 1156 1159 1164 1180 1190 1200 1230 1234 1251 1274 1284 1318 1328 1331 1372 1443 1447 1449 1454 1518 1615 1629 1638 1672 1678 1690 1739 1954 2134 2480 2518 7649 
59 586 602 688 698 726 747 795 817 837 850 873 879 888 899 901 927 939 974 980 987 1000 1011 1023 1034 1044 1056 1070 1091 1094 1102 1103 1114 1122 1161 1169 1195 1201 1213 1216 1273 1296 1324 1332 1362 1381 1470 1479 1538 1576 1626 1634 1655 1705 1801 1875 1946 1990 1993 2288 
63 654 666 671 846 1014 1021 1024 1036 1037 1049 1053 1059 1080 1093 1095 1121 1127 1131 1149 1151 1167 1193 1207 1215 1218 1226 1228 1244 1261 1262 1294 1308 1351 1366 1376 1383 1400 1403 1426 1450 1471 1475 1476 1478 1510 1513 1529 1570 1633 1682 1685 1714 1762 1765 1820 1891 1916 1928 1991 2016 2157 2504 2994 
66 660 724 804 816 1062 1066 1139 1152 1175 1198 1203 1222 1238 1245 1253 1258 1301 1304 1307 1309 1317 1329 1349 1389 1395 1405 1418 1451 1452 1453 1457 1458 1461 1496 1504 1511 1536 1537 1611 1623 1625 1652 1733 1757 1922 1945 1949 1953 1982 2025 2063 2065 2104 2214 2248 2311 2329 2385 2441 2467 2481 2493 2585 2623 2681 3227 
65 681 929 957 994 1035 1060 1067 1100 1123 1124 1133 1138 1160 1165 1174 1194 1219 1233 1242 1248 1256 1259 1269 1290 1292 1319 1320 1371 1392 1401 1406 1409 1413 1416 1469 1488 1495 1502 1523 1528 1534 1561 1569 1605 1617 1646 1658 1663 1687 1716 1718 1786 1790 1812 1947 1958 1967 1975 2041 2067 2075 2099 2249 2296 2980 
65 701 750 766 810 854 874 896 906 908 919 930 941 956 964 975 1007 1020 1032 1045 1069 1085 1097 1126 1128 1135 1137 1142 1171 1173 1221 1224 1225 1231 1240 1246 1252 1291 1334 1335 1343 1355 1384 1455 1481 1497 1500 1506 1527 1546 1580 1583 1594 1798 1981 2189 2268 2273 2349 2386 2530 2582 2587 2630 2659 3232 
54 719 820 862 1038 1040 1051 1178 1197 1210 1217 1229 1243 1299 1302 1306 1310 1326 1360 1402 1436 1459 1467 1482 1494 1498 1507 1517 1535 1567 1571 1578 1581 1584 1619 1624 1649 1696 1699 1703 1731 1811 1815 1834 1877 1881 1937 1939 1943 2008 2031 2059 2217 2367 2388 
63 934 962 993 1030 1113 1140 1148 1186 1192 1205 1220 1236 1239 1241 1276 1282 1300 1322 1340 1354 1370 1419 1423 1427 1431 1435 1444 1460 1483 1489 1490 1530 1544 1552 1598 1606 1613 1632 1640 1656 1684 1743 1843 1844 1859 1878 1900 1930 1951 1978 2093 2095 2203 2275 2291 2306 2371 2431 2528 2678 3006 3116 4576 
63 1048 1109 1125 1191 1196 1250 1257 1260 1264 1267 1283 1293 1342 1344 1368 1411 1420 1477 1493 1516 1524 1526 1548 1553 1557 1585 1616 1621 1636 1645 1654 1664 1673 1702 1710 1720 1732 1741 1748 1780 1803 1806 1850 1901 1902 1912 1966 1974 1995 1997 2046 2257 2398 2422 2448 2487 2544 2556 2594 2620 2634 3386 4087 
64 1130 1187 1204 1271 1285 1398 1410 1417 1421 1429 1430 1441 1487 1542 1547 1592 1657 1668 1671 1676 1679 1680 1683 1688 1708 1709 1723 1742 1796 1829 1838 1847 1853 1856 1866 1876 1886 1887 1906 1910 1992 2023 2035 2073 2081 2089 2102 2117 2160 2250 2261 2269 2328 2393 2478 2498 2501 2514 2516 2661 2668 2719 3107 3595 
64 1141 1312 1330 1339 1465 1499 1505 1554 1558 1562 1588 1593 1639 1692 1693 1694 1724 1747 1749 1754 1867 1870 1873 1879 1885 1892 1894 1905 1918 1927 1973 1977 2026 2029 2047 2112 2131 2192 2196 2210 2222 2240 2317 2336 2340 2374 2376 2383 2427 2559 2618 2626 2627 2709 2712 2716 2789 2807 2809 2810 3143 4131 4901 8311 
63 1365 1377 1468 1512 1556 1670 1768 1772 1776 1795 1863 1890 1907 1913 1923 1994 2064 2071 2078 2083 2120 2122 2153 2178 2184 2188 2316 2354 2390 2404 2413 2464 2475 2484 2564 2568 2663 2690 2700 2726 2750 2827 2861 2871 2880 2934 2987 3022 3045 3112 3141 3157 3168 3173 3289 3308 3345 3422 3472 3554 3634 4184 4275 
63 1386 1387 1425 1437 1531 1590 1597 1608 1631 1644 1659 1677 1689 1735 1767 1777 1797 1799 1825 1837 1861 1880 1915 1919 1948 2010 2032 2056 2060 2077 2108 2110 2111 2128 2130 2133 2173 2174 2208 2259 2277 2347 2356 2363 2377 2392 2421 2434 2454 2491 2533 2537 2567 2571 2616 2670 2829 2850 2956 2957 3080 3436 7527 
69 1566 1568 1573 1595 1614 1675 1681 1700 1715 1740 1750 1760 1770 1784 1802 1810 1821 1839 1871 1883 1933 1934 1935 1952 1960 1962 1972 2004 2014 2082 2114 2125 2151 2181 2185 2187 2193 2200 2216 2227 2229 2270 2271 2319 2344 2362 2366 2437 2438 2443 2529 2553 2566 2588 2612 2694 2721 2779 2812 2819 2834 2844 2848 2902 2915 2925 3188 3504 3767 
61 1572 1574 1599 1831 1896 1956 2000 2012 2037 2042 2048 2049 2058 2101 2106 2136 2158 2175 2179 2194 2207 2243 2286 2325 2355 2382 2428 2500 2508 2527 2540 2581 2593 2631 2653 2660 2665 2684 2696 2723 2742 2787 2824 2856 2865 2883 2885 2926 2938 2942 2959 2968 2969 2985 3106 3159 3285 3444 3876 4171 5517 
65 1577 1752 1818 1835 1842 1860 1862 1909 1964 1985 2013 2018 2024 2053 2057 2096 2132 2142 2161 2176 2183 2230 2255 2260 2262 2276 2314 2342 2348 2369 2372 2424 2425 2432 2445 2462 2466 2485 2492 2602 2625 2639 2650 2662 2676 2688 2733 2764 2773 2784 2796 2884 2927 2962 2976 3041 3057 3072 3074 3218 3279 3334 3531 4300 6148 
70 1579 1587 1660 1712 1734 1746 1751 1779 1809 1854 1855 1898 1904 1917 1932 1944 2001 2009 2028 2030 2040 2044 2050 2052 2066 2076 2080 2092 2121 2171 2204 2206 2219 2220 2224 2225 2226 2231 2237 2245 2256 2287 2290 2299 2307 2321 2333 2402 2420 2458 2486 2515 2543 2575 2579 2597 2732 2751 2862 2866 2904 2907 2911 2999 3008 3038 3059 3071 4331 5885 
68 1641 1753 1824 1846 1893 1924 1976 1983 2003 2036 2051 2085 2126 2129 2138 2154 2232 2233 2247 2266 2274 2280 2320 2370 2389 2397 2408 2412 2416 2463 2465 2534 2546 2549 2658 2714 2727 2740 2753 2792 2798 2806 2886 2899 2941 3007 3012 3017 3032 3053 3070 3084 3135 3208 3214 3237 3274 3311 3355 3451 3457 3467 3474 3589 3633 3857 4037 6090 
67 1717 1764 1925 2086 2140 2145 2152 2168 2169 2186 2195 2201 2218 2258 2295 2298 2301 2313 2322 2403 2415 2457 2511 2513 2522 2539 2547 2548 2576 2577 2589 2606 2632 2645 2657 2666 2671 2692 2695 2697 2702 2754 2839 2898 2932 2958 2974 3000 3002 3023 3066 3081 3098 3111 3138 3148 3196 3197 3207 3328 3349 3404 3468 3530 3570 3642 3708 
66 1769 1808 1938 2091 2297 2330 2332 2353 2384 2394 2395 2439 2591 2608 2613 2674 2679 2689 2707 2722 2763 2799 2802 2808 2826 2842 2852 2859 2877 2878 2903 2944 2967 2981 2982 3047 3067 3073 3109 3113 3184 3261 3276 3337 3342 3397 3413 3469 3521 3542 3559 3706 3727 3760 3779 3796 3816 3906 3931 3957 3970 4256 4339 4418 4771 6405 
65 1813 1833 1942 2005 2069 2135 2137 2141 2144 2147 2166 2167 2221 2238 2242 2281 2289 2303 2310 2318 2373 2426 2474 2495 2502 2520 2551 2560 2615 2617 2683 2704 2708 2741 2757 2821 2910 2929 3031 3052 3056 3077 3089 3097 3140 3165 3200 3221 3257 3352 3369 3426 3438 3450 3588 3614 3649 3653 3663 3697 3826 3868 3870 4978 7326 
66 1826 2146 2156 2163 2351 2365 2396 2399 2401 2430 2468 2519 2569 2574 2609 2622 2637 2642 2644 2680 2687 2728 2788 2832 2835 2891 2924 2928 2935 2998 3010 3011 3028 3034 3054 3063 3096 3102 3129 3193 3204 3231 3244 3248 3255 3263 3282 3357 3365 3497 3509 3526 3578 3655 3729 3841 3842 3909 3959 3979 3985 4058 4135 4254 4419 4594 
68 1999 2198 2517 2607 2769 2777 2855 2916 2940 2971 3009 3050 3118 3122 3203 3205 3243 3429 3481 3484 3487 3490 3494 3506 3507 3553 3584 3622 3629 3646 3672 3674 3677 3684 3692 3799 3805 3814 3820 3822 3824 3852 3880 3935 3945 3964 3965 3967 3969 4007 4022 4024 4173 4176 4265 4326 4366 4367 4411 4702 4762 4827 4890 4897 5007 6133 7134 7456 
67 2038 2182 2241 2263 2304 2305 2343 2350 2352 2358 2391 2429 2531 2536 2541 2542 2562 2601 2624 2646 2654 2705 2725 2735 2760 2780 2790 2818 2825 2833 2845 2882 2893 2949 2951 3004 3046 3088 3142 3178 3189 3206 3223 3270 3294 3309 3447 3478 3483 3498 3510 3527 3661 3664 3668 3710 3717 3734 3758 3840 3872 3901 3913 4063 4690 5208 6422 
70 2209 2265 2414 2550 2554 2557 2599 2715 2736 2752 2755 2801 2840 2918 2920 2950 2961 2983 3018 3037 3069 3086 3105 3110 3131 3134 3146 3147 3241 3246 3269 3271 3301 3343 3344 3370 3376 3409 3418 3419 3432 3433 3466 3473 3485 3539 3549 3550 3566 3597 3617 3624 3673 3676 3688 3838 3943 3946 3988 4026 4197 4352 4353 4354 4422 4502 4767 4821 4915 6172 
61 2378 2417 2496 2512 2524 2570 2573 2614 2640 2747 2768 2775 2838 2868 2908 2937 2947 2955 2960 2989 3058 3078 3095 3121 3124 3127 3136 3199 3211 3220 3441 3446 3461 3463 3470 3512 3552 3569 3600 3666 3690 3725 3726 3736 3738 3739 3750 3823 3861 3910 3948 3998 4297 4346 4380 4516 4556 4585 6055 6164 6614 
67 2636 2652 2713 2795 2803 3119 3128 3201 3259 3295 3331 3347 3443 3486 3513 3520 3528 3556 3604 3637 3678 3774 3794 3825 3846 3955 3975 3982 4002 4081 4090 4113 4120 4125 4139 4146 4207 4240 4244 4261 4299 4301 4330 4333 4429 4491 4508 4536 4569 4624 4631 4664 4746 4995 5110 5231 5317 5372 5374 5375 5481 5635 5991 6121 6413 6576 9604 
67 2672 2849 2993 3075 3104 3179 3551 3630 3640 3643 3679 3694 3707 3744 3845 3851 3854 3858 3871 3904 3905 3912 4003 4031 4040 4047 4062 4064 4101 4127 4179 4212 4215 4218 4276 4277 4288 4312 4335 4434 4438 4441 4451 4498 4572 4604 4606 4626 4709 4731 4772 4968 5017 5039 5286 5342 5549 5559 5569 5586 5678 5698 5779 6173 6480 6596 7010 
59 2717 2823 2830 2847 2890 2933 3005 3064 3126 3139 3238 3266 3267 3272 3297 3300 3304 3313 3320 3330 3364 3392 3407 3416 3435 3456 3464 3514 3567 3576 3599 3605 3616 3639 3641 3728 3737 3754 3761 3773 3787 3789 3793 4000 4075 4108 4150 4222 4271 4381 4412 4532 4548 4683 4714 4775 5410 7063 7364 
63 2805 3160 3233 3235 3361 3417 3462 3518 3524 3557 3667 3733 3755 3783 3803 3804 3821 3830 3865 3882 3887 3989 4021 4032 4092 4100 4128 4132 4148 4157 4160 4161 4167 4280 4310 4328 4378 4404 4406 4453 4464 4475 4499 4513 4554 4558 4563 4620 4744 4755 4810 4848 4908 4927 4961 4984 5092 5161 5280 5284 6142 6441 8696 
73 2870 3123 3209 3210 3322 3324 3333 3350 3373 3391 3536 3610 3644 3651 3654 3669 3683 3711 3715 3724 3777 3784 3850 3908 3925 3986 4019 4028 4136 4147 4177 4180 4199 4213 4226 4230 4232 4258 4305 4321 4357 4359 4372 4389 4399 4405 4439 4484 4528 4537 4613 4651 4681 4705 4721 4733 4850 4884 4905 5391 5459 5526 5548 5650 5729 5736 6189 6217 6264 6587 6732 7471 8670 
57 2995 3153 3181 3258 3260 3264 3268 3278 3291 3292 3323 3332 3346 3348 3420 3430 3532 3565 3608 3670 3797 3817 3834 3839 3849 3974 3983 4011 4051 4059 4072 4080 4085 4094 4103 4118 4143 4187 4208 4211 4225 4234 4245 4283 4296 4319 4320 4360 4407 4820 4840 4872 4940 4956 5204 5273 6202 
62 3016 3155 3198 3533 3681 3987 4006 4046 4151 4152 4156 4175 4286 4304 4309 4350 4358 4385 4413 4432 4446 4460 4520 4544 4564 4565 4612 4748 4749 4779 4813 4815 4819 4843 4893 4970 5001 5003 5060 5078 5099 5103 5111 5164 5165 5190 5217 5221 5234 5380 5538 5582 5593 5633 5685 5774 5915 5953 6061 6135 6632 7368 
63 3187 3236 3240 3265 3492 3496 3503 3579 3582 3620 3680 3716 4005 4053 4069 4076 4083 4117 4134 4145 4158 4163 4168 4178 4223 4266 4284 4294 4295 4317 4332 4340 4351 4365 4373 4421 4470 4482 4493 4534 4595 4618 4649 4663 4668 4675 4729 4741 4783 4790 4907 4959 5158 5173 5276 5344 5491 5591 5789 5877 5930 6017 6216 
60 3216 3288 3482 3534 3781 3855 3907 4018 4084 4104 4181 4183 4185 4190 4194 4247 4262 4272 4374 4383 4410 4425 4511 4546 4551 4598 4614 4623 4656 4693 4704 4706 4738 4742 4786 4787 4806 4863 4928 4939 4971 5004 5025 5088 5120 5140 5155 5180 5232 5261 5275 5285 5365 5551 5562 5681 5836 5988 6588 9895 
65 3353 3363 3384 3505 3575 3698 3762 3763 3811 3844 4126 4227 4252 4273 4282 4298 4348 4356 4370 4388 4396 4431 4435 4443 4504 4515 4547 4583 4601 4603 4617 4633 4637 4737 4750 4756 4780 4812 4826 4837 4842 4846 4853 4876 4899 5094 5143 5264 5305 5319 5341 5381 5408 5515 5527 5536 5621 5667 5712 5845 5897 6038 6179 6537 6804 
62 3387 3562 3581 3628 3693 3833 3866 3867 3932 4050 4123 4192 4205 4221 4231 4251 4263 4264 4289 4292 4306 4334 4401 4428 4430 4440 4456 4599 4713 4723 4761 4776 4800 4814 4838 4847 4861 4865 4868 4894 4911 4924 4972 5047 5271 5328 5339 5358 5437 5445 5521 5571 5615 5813 5870 6762 6823 6960 6974 7655 7774 8385 
67 3423 3709 3775 3929 3937 3972 4099 4186 4195 4200 4248 4313 4314 4323 4377 4387 4395 4444 4457 4483 4500 4527 4542 4579 4582 4591 4689 4930 4986 5006 5015 5027 5067 5076 5095 5150 5154 5174 5186 5194 5212 5236 5246 5267 5357 5458 5605 5625 5656 5722 5735 5785 5792 5824 6040 6053 6059 6074 6136 6153 6159 6266 6320 6332 6542 6625 8009 
64 3440 3491 3511 3665 3720 3765 3772 4068 4091 4311 4415 4476 4495 4514 4530 4550 4566 4589 4630 4652 4679 4691 4726 4728 4732 4818 4914 4985 4992 5048 5072 5075 5104 5187 5199 5205 5239 5242 5252 5272 5288 5335 5338 5362 5414 5421 5452 5518 5589 5624 5657 5660 5702 5764 5787 5809 5937 5950 6303 6371 6680 6898 7555 7652 
60 3590 3611 3632 3704 3878 3911 3921 3950 3951 3953 3954 3992 4009 4082 4089 4093 4096 4116 4137 4174 4193 4201 4204 4243 4375 4379 4402 4578 4602 4669 4676 4700 4727 4740 4752 4836 4860 4879 4886 4982 5203 5243 5250 5300 5316 5359 5402 5430 5466 5471 5507 5543 5609 5618 5717 5851 6390 6546 6730 6906 
69 3636 3756 3815 3991 4057 4067 4217 4219 4249 4250 4355 4393 4394 4452 4454 4465 4521 4575 4588 4640 4641 4647 4665 4684 4696 4823 4835 5024 5063 5073 5093 5114 5191 5202 5268 5409 5447 5479 5484 5493 5498 5554 5630 5708 5750 5754 5762 5933 5992 6066 6076 6086 6141 6169 6181 6203 6637 6722 6776 6821 6955 7066 7270 7399 7747 7886 7936 8694 9784 
62 3766 3782 3856 3899 3903 3914 3919 4034 4144 4165 4278 4302 4307 4315 4325 4341 4363 4489 4497 4519 4533 4658 4667 4743 4825 4829 4839 4845 4851 4855 4862 4883 4902 4934 4946 4987 4991 5034 5038 5043 5061 5087 5089 5141 5145 5172 5184 5225 5337 5560 5795 5805 5849 5926 5948 5960 6094 6157 6942 7165 7215 7417 
68 3831 3875 3877 4303 4390 4392 4503 4568 4751 4769 4802 4834 4867 4903 4933 4942 4975 5022 5052 5053 5071 5074 5090 5121 5175 5192 5279 5281 5282 5438 5450 5504 5519 5540 5546 5565 5590 5594 5640 5651 5655 5697 5745 5788 5807 5858 5888 6047 6080 6209 6239 6241 6289 6317 6335 6339 6356 6408 6415 6495 6573 6755 6830 6842 6969 7153 7272 7577 
59 3873 3902 4107 4246 4259 4327 4436 4442 4529 4553 4567 4597 4621 4673 4828 4831 4864 4885 4888 4929 4941 4945 4988 5000 5083 5118 5137 5152 5198 5220 5230 5270 5299 5378 5389 5393 5399 5415 5431 5444 5563 5607 5620 5663 5710 5715 5719 5728 5812 5864 5882 5907 5918 5970 6235 6240 6279 6511 6787 
57 3922 3968 4447 4474 4480 4607 4622 4629 4655 4677 4703 4722 4931 4938 4950 4953 4997 5012 5028 5035 5055 5059 5064 5106 5162 5200 5219 5265 5373 5379 5443 5485 5487 5539 5567 5573 5617 5672 5733 5778 5866 5871 5902 5922 6101 6103 6139 6248 6251 6324 6360 6447 6496 6513 6561 7187 7534 
60 4052 4071 4236 4338 4481 4507 4535 4560 4573 4587 4627 4639 4642 4672 4692 4724 4736 4774 4782 4822 4844 4882 4952 5018 5080 5108 5122 5132 5135 5214 5248 5287 5295 5331 5340 5385 5463 5468 5469 5494 5544 5576 5649 5665 5677 5686 5819 5936 5985 6008 6028 6029 6161 6271 6498 6564 6647 6843 7049 7492 
63 4065 4077 4260 4349 4397 4433 4458 4650 4697 4710 4716 4730 4739 4788 4795 4799 4809 4874 4880 4889 4900 4958 4990 5023 5036 5096 5124 5169 5249 5259 5306 5330 5346 5356 5394 5419 5422 5464 5495 5572 5602 5616 5623 5626 5684 5709 5765 5776 5981 5996 6002 6011 6012 6013 6041 6052 6068 6184 6269 6626 6639 6806 7756 
58 4078 4115 4494 4632 4660 4715 4717 4718 4777 4784 4817 4858 4887 4948 4969 5010 5045 5068 5070 5119 5238 5291 5292 5347 5428 5451 5577 5581 5622 5627 5642 5643 5688 5692 5773 5799 5853 5891 5892 5893 5929 5961 5995 6254 6260 6273 6293 6325 6327 6358 6377 6397 6404 6442 6737 6810 6865 7021 
63 4119 4141 4574 4766 4794 4944 5109 5112 5115 5116 5117 5144 5188 5201 5218 5228 5296 5301 5343 5355 5369 5382 5384 5413 5420 5442 5480 5488 5579 5691 5720 5732 5752 5758 5775 5790 5825 5880 5957 5980 5986 6035 6043 6081 6095 6107 6109 6194 6290 6355 6366 6431 6490 6503 6798 6881 6883 7002 7004 7178 7315 7341 7688 
64 4182 4469 4543 4796 4797 4878 4951 5136 5156 5185 5207 5226 5244 5400 5416 5435 5446 5506 5512 5556 5568 5592 5597 5601 5603 5647 5701 5770 5803 5808 5820 5947 5971 5978 6048 6050 6058 6083 6110 6127 6132 6144 6165 6243 6259 6370 6391 6420 6455 6467 6501 6593 6619 6709 6717 6867 6901 7261 7435 7470 7593 7608 7806 7899 
69 4189 4322 4473 4501 4662 4701 4773 4803 4824 4917 4926 5020 5051 5105 5125 5138 5146 5157 5159 5163 5168 5176 5183 5189 5222 5297 5304 5309 5352 5395 5417 5427 5606 5646 5648 5652 5662 5730 5741 5755 5806 5810 5841 5920 5923 6020 6023 6034 6064 6067 6071 6108 6158 6316 6478 6534 6577 6660 6704 6783 7631 7697 7729 7764 7805 7908 7947 7996 8395 
72 4466 4616 4634 4754 4765 4807 4937 4957 4966 5005 5066 5082 5126 5166 5167 5170 5177 5223 5235 5253 5274 5277 5278 5293 5322 5350 5366 5397 5412 5441 5497 5611 5761 5767 5782 5786 5800 5804 5827 5924 5982 6079 6104 6120 6124 6140 6193 6195 6199 6219 6297 6349 6401 6536 6592 6602 6636 6659 6769 6782 6818 6828 7106 7166 8061 8272 8484 8501 8574 9349 9544 9643 
67 4467 4523 4753 4805 4949 4989 4994 4996 5031 5086 5102 5148 5182 5210 5224 5229 5302 5303 5312 5315 5376 5390 5401 5403 5407 5429 5440 5501 5509 5852 5869 5874 5894 5993 6024 6026 6147 6156 6166 6204 6220 6223 6302 6315 6326 6336 6394 6505 6555 6608 6662 6694 6723 6733 6771 6774 6797 6838 6916 6929 6972 7090 7223 7294 7322 7559 7820 
69 4611 4661 4671 4830 5008 5049 5069 5077 5113 5127 5128 5151 5181 5251 5313 5478 5570 5580 5587 5639 5659 5687 5700 5704 5749 5781 5791 5811 5818 5830 5834 5847 5854 5909 5972 6100 6111 6119 6134 6170 6180 6249 6288 6314 6346 6381 6383 6458 6468 6605 6645 6799 6801 6840 6887 6981 7119 7121 7125 7164 7810 7817 7843 7861 7903 7978 8307 8392 8465 
64 4759 4980 5241 5334 5472 5511 5632 5696 5713 5726 5744 5867 5911 5969 5975 6084 6097 6171 6183 6191 6224 6238 6298 6367 6368 6386 6426 6429 6433 6448 6450 6451 6453 6492 6518 6649 6689 6695 6734 6736 6777 6788 6831 6896 6913 6923 6926 6986 7019 7052 7074 7094 7107 7152 7280 7858 7951 8060 8062 8187 8298 8387 8631 8909 
66 4760 4764 4922 5041 5129 5134 5153 5171 5308 5360 5368 5424 5433 5439 5457 5496 5502 5510 5523 5547 5578 5584 5694 5699 5766 5768 5828 5840 5848 5962 5994 6006 6072 6075 6078 6106 6146 6232 6247 6270 6285 6307 6333 6372 6373 6477 6517 6548 6560 6579 6583 6688 6713 6745 6784 6921 6988 7029 7214 7371 7422 7537 7654 7907 8314 8618 
67 4768 4801 4852 5160 5326 5467 5475 5476 5483 5566 5585 5598 5658 5680 5693 5706 5714 5850 5857 5862 5875 5878 5887 5900 5935 5976 5983 6015 6033 6082 6085 6098 6115 6143 6176 6178 6182 6192 6208 6228 6282 6365 6380 6403 6512 6617 6628 6678 6682 6685 6691 6834 6852 6855 6903 6909 6911 7154 7192 7281 7332 7386 7478 7553 7568 7718 7722 
60 4804 5057 5370 5383 5532 5545 5740 5855 5895 5910 5945 5990 6027 6105 6128 6167 6212 6218 6277 6296 6385 6412 6510 6552 6581 6601 6629 6644 6670 6692 6696 6698 6726 6758 6768 6863 6900 6939 6957 6984 6987 7034 7057 7085 7092 7113 7139 7224 7252 7440 7517 7521 7930 7938 7966 7997 8132 8167 8194 8799 
63 4891 4960 5354 5388 5503 5528 5529 5537 5553 5612 5668 5705 5783 5796 5863 5925 6036 6057 6160 6185 6188 6210 6225 6252 6310 6337 6352 6388 6399 6406 6414 6418 6432 6438 6466 6494 6526 6527 6528 6549 6558 6870 6880 6886 6917 7048 7055 7101 7128 7228 7289 7354 7457 7477 7542 7731 7741 7772 7801 7850 7885 8096 9154 
68 4935 5046 5097 5197 5206 5209 5310 5333 5345 5349 5423 5436 5499 5522 5525 5596 5619 5742 5748 5757 5763 5793 5821 5856 5879 5890 5904 5905 5913 5963 5974 6010 6044 6060 6114 6253 6345 6375 6398 6439 6521 6565 6802 6850 6877 6938 6958 6964 7051 7067 7137 7140 7204 7263 7339 7360 7376 7453 7505 7508 7544 7804 7837 7839 7841 7854 7887 8636 
55 4974 5233 5245 5461 5462 5516 5520 5542 5610 5637 5670 5739 5760 5769 5802 5822 5906 5951 5964 5998 6018 6025 6063 6129 6137 6174 6175 6226 6306 6321 6323 6334 6343 6353 6387 6417 6443 6469 6514 6525 6529 6568 6642 6661 6679 6702 6751 6832 6833 6932 7008 7319 7362 7540 9741 
61 5014 5030 5130 5149 5195 5237 5247 5258 5263 5298 5307 5318 5323 5348 5351 5353 5396 5406 5425 5434 5474 5490 5508 5514 5530 5533 5550 5661 5689 5817 5833 5839 5842 5943 5956 5958 5989 6009 6039 6045 6054 6087 6118 6122 6126 6131 6196 6342 6489 6541 6569 6631 6761 6920 7050 7089 7123 7174 7194 7775 7917 
59 5062 5588 5798 5939 5941 5966 6046 6211 6237 6278 6292 6304 6359 6361 6419 6436 6515 6531 6651 6800 6813 6814 6849 6882 6908 6941 6951 6993 6996 7012 7018 7033 7035 7044 7053 7129 7143 7181 7189 7208 7225 7241 7398 7403 7434 7451 7600 7618 7714 7868 7923 7970 8218 8225 8240 8268 8360 8479 8887 
67 5254 5262 5583 5653 5669 5675 5724 5751 5797 5868 5896 6007 6099 6112 6162 6163 6186 6230 6233 6256 6287 6318 6354 6378 6456 6457 6462 6471 6483 6502 6530 6539 6540 6545 6621 6712 6724 6739 6759 6792 6827 6853 6875 6949 7211 7226 7254 7269 7293 7302 7303 7452 7465 7490 7524 7601 7647 7738 7856 7900 7926 7934 7965 8114 8351 9192 9527 
66 5482 5552 5595 5608 5613 5721 5865 5997 6005 6073 6113 6123 6125 6262 6267 6286 6299 6300 6309 6312 6473 6523 6690 6697 6707 6728 6735 6757 6772 6829 6836 6846 6873 6895 6904 6963 6968 6977 7040 7064 7079 7093 7127 7262 7283 7372 7444 7454 7469 7562 7567 7595 7602 7644 7705 7791 7807 8559 8660 8682 8774 8978 9018 9343 9799 9958 
58 5777 5955 5973 5984 6093 6151 6155 6234 6275 6348 6411 6427 6437 6652 6744 6747 6750 6795 6824 6847 6860 6893 6914 6927 6948 7001 7005 7043 7058 7069 7102 7124 7155 7206 7210 7217 7231 7285 7314 7366 7446 7497 7530 7619 7658 7659 7666 7683 7730 7788 8068 8070 8105 8374 8402 8412 8470 8805 
62 5832 5837 5944 5952 5967 6168 6363 6382 6410 6421 6452 6464 6519 6522 6538 6553 6559 6572 6584 6630 6666 6672 6705 6763 6773 6780 6809 6811 6878 6892 6915 6945 6991 6998 7013 7081 7103 7133 7141 7168 7255 7325 7391 7420 7565 7594 7665 7687 7717 8043 8058 8100 8244 8305 8582 8583 8585 8589 8619 8879 9802 9982 
64 5835 6190 6425 6461 6475 6482 6493 6509 6516 6657 6710 6731 6816 6902 6978 6979 7046 7078 7097 7122 7131 7188 7195 7213 7247 7288 7290 7298 7344 7431 7491 7493 7499 7514 7546 7570 7573 7578 7635 7684 7732 7762 7797 7821 7920 7945 7954 8014 8075 8088 8393 8520 8554 8810 9001 9064 9113 9293 9358 9444 9555 9607 9768 9837 
58 5919 6042 6197 6227 6319 6488 6640 6699 6889 7109 7151 7177 7180 7203 7259 7299 7327 7359 7405 7450 7455 7473 7484 7503 7560 7596 7701 7712 7739 7779 7795 7888 7889 7912 7975 8034 8041 8056 8098 8138 8181 8209 8229 8275 8323 8326 8632 8706 8788 8845 8981 8987 9023 9030 9071 9152 9782 9827 
59 6229 6423 6597 6600 6635 6664 6871 6876 6922 6995 7086 7087 7117 7317 7338 7356 7369 7390 7401 7415 7419 7472 7522 7525 7531 7554 7620 7682 7692 7700 7757 7763 7778 7829 7834 7943 7961 7963 8048 8059 8064 8091 8101 8157 8252 8302 8306 8515 8522 8695 8782 8792 8928 9388 9403 9410 9481 9510 9770 
57 6424 6507 6791 6796 6879 6888 6890 6928 7026 7161 7295 7367 7383 7430 7436 7513 7526 7561 7671 7693 7745 7765 7816 7847 7906 7925 7935 7983 8020 8035 8038 8066 8135 8283 8288 8295 8313 8321 8396 8429 8459 8524 8570 8600 8635 8676 8719 8763 8802 8823 9020 9025 9143 9423 9452 9650 9860 
64 6428 6638 6770 6785 6857 6864 6925 6936 6961 6973 7147 7158 7176 7286 7347 7349 7379 7392 7462 7468 7483 7536 7580 7610 7614 7709 7753 7766 7785 7928 7958 8142 8149 8185 8254 8279 8319 8329 8333 8336 8370 8414 8420 8444 8495 8496 8525 8580 8612 8656 8662 8664 8748 8806 8852 8853 8905 8929 8940 8955 9517 9679 9705 9710 
53 6430 6669 6683 6729 6754 6756 6790 6815 6844 6990 6994 7054 7227 7240 7304 7330 7336 7345 7355 7404 7429 7549 7589 7612 7663 7696 7702 7725 7750 7758 7803 7836 7881 7964 8016 8054 8086 8136 8173 8202 8287 8308 8535 8555 8736 9099 9134 9244 9398 9422 9438 9697 9724 
59 6570 6603 6610 6671 6687 6765 6869 6910 6912 7016 7022 7028 7110 7111 7142 7163 7202 7268 7291 7305 7328 7334 7340 7370 7388 7532 7588 7623 7656 7673 7681 7733 7737 7808 7813 7823 7848 7879 7956 8030 8069 8102 8163 8179 8188 8243 8363 8567 8935 8979 9041 9045 9080 9164 9383 9731 9786 9873 9941 
65 6950 6956 7047 7175 7216 7251 7335 7384 7449 7481 7519 7528 7667 7668 7842 7866 7878 7880 7915 7927 7993 8004 8025 8055 8089 8153 8159 8189 8278 8332 8334 8338 8341 8355 8362 8373 8401 8425 8461 8480 8491 8537 8563 8608 8703 8705 8735 8738 8789 8836 8838 8902 9034 9065 9069 9170 9208 9320 9347 9463 9505 9573 9645 9838 9882 
59 6975 6980 7011 7014 7060 7230 7279 7381 7406 7408 7412 7464 7467 7675 7680 7703 7743 7761 7784 7812 7815 7863 7939 7949 7989 7990 8007 8015 8051 8095 8129 8139 8158 8171 8186 8233 8259 8271 8300 8397 8457 8473 8508 8521 8531 8557 8633 8647 8716 8739 8742 8770 8994 9112 9563 9613 9765 9869 9971 
60 7138 7418 7427 7448 7475 7487 7496 7569 7611 7636 7724 7790 7910 7944 7988 8022 8076 8154 8235 8238 8262 8274 8316 8325 8330 8369 8413 8448 8455 8482 8650 8675 8732 8759 8762 8764 8773 8837 8843 8847 8866 8900 8921 8947 9000 9009 9013 9062 9108 9167 9181 9342 9557 9576 9579 9642 9723 9847 9918 9969 
55 7229 7235 7256 7297 7382 7395 7397 7421 7581 7625 7699 7715 7721 7773 7777 7800 7840 7916 7981 8040 8123 8150 8224 8245 8253 8296 8347 8426 8435 8446 8509 8560 8578 8597 8610 8667 8702 8707 8800 8804 8817 8822 8825 8923 8962 8985 9004 9124 9201 9667 9759 9788 9863 9894 9916 
57 7277 7313 7337 7402 7439 7529 7552 7638 7698 7744 7867 7952 7976 7980 8006 8012 8050 8093 8249 8251 8258 8260 8289 8309 8318 8437 8505 8507 8512 8538 8661 8775 8796 8807 8871 8926 8942 8975 8996 9017 9021 9046 9083 9085 9088 9102 9132 9205 9210 9305 9306 9364 9508 9523 9878 9900 9912 
49 7426 7643 7828 7855 8128 8152 8166 8297 8438 8547 8575 8584 8594 8634 8646 8649 8673 8718 8728 8783 8840 8859 8862 8878 8892 8899 8956 9068 9118 9177 9185 9196 9197 9214 9264 9276 9295 9316 9319 9333 9337 9341 9357 9373 9379 9399 9468 9503 9572 
47 7494 7511 7539 7606 7720 8026 8052 8083 8204 8237 8266 8281 8320 8328 8365 8377 8389 8398 8458 8476 8499 8536 8552 8558 8591 8639 8883 8886 8915 8990 8999 9011 9047 9066 9077 9103 9144 9156 9195 9199 9226 9234 9245 9265 9377 9433 9813 
49 7545 7566 7574 7787 7793 7871 7890 7894 7985 7986 8053 8162 8250 8257 8264 8285 8292 8349 8423 8441 8469 8477 8511 8562 8616 8666 8691 8722 8761 8780 8787 8860 8867 8982 9040 9070 9105 9125 9137 9142 9171 9206 9225 9259 9318 9348 9620 9766 9865 
54 7576 7609 7704 7708 7864 7922 7969 7982 8049 8063 8074 8193 8201 8239 8293 8368 8375 8381 8442 8460 8463 8483 8486 8493 8588 8593 8602 8617 8755 8769 9216 9222 9367 9381 9390 9421 9424 9430 9483 9507 9525 9528 9534 9551 9597 9614 9638 9639 9649 9652 9680 9691 9789 9819 
63 7584 7590 7613 7639 7689 7694 7695 7752 7798 7845 7957 7974 7992 8046 8072 8108 8111 8176 8178 8256 8263 8322 8358 8391 8466 8573 8604 8605 8611 8659 8665 8686 8814 8842 8864 8882 8901 8908 8960 8972 8973 8984 8997 9005 9016 9026 9028 9036 9048 9061 9063 9101 9193 9221 9291 9524 9633 9698 9748 9767 9866 9968 9995 
52 7633 7642 7760 8121 8125 8143 8282 8324 8327 8439 8445 8549 8564 8569 8581 8609 8620 8642 8645 8687 8700 8894 8917 8943 8967 8976 9089 9092 9179 9250 9256 9261 9290 9299 9312 9323 9400 9409 9419 9426 9465 9487 9511 9512 9532 9541 9550 9602 9605 9608 9657 9948 
56 7653 7662 7794 7918 7929 7979 8003 8120 8234 8418 8421 8462 8478 8488 8506 8517 8518 8528 8603 8623 8628 8652 8668 8677 8721 8734 8752 8855 8925 8963 9002 9008 9024 9050 9098 9140 9162 9174 9230 9237 9239 9266 9269 9271 9275 9298 9313 9331 9369 9374 9450 9686 9713 9805 9934 9947 
52 7674 7735 7781 7946 7984 8017 8118 8130 8261 8273 8277 8410 8417 8454 8494 8532 8541 8627 8638 8655 8689 8760 8824 8832 8844 8857 8861 8939 8989 9010 9081 9207 9217 9232 9252 9283 9292 9297 9387 9405 9471 9473 9480 9493 9496 9516 9519 9536 9539 9569 9661 9881 
46 7782 7995 8027 8286 8356 8464 8471 8500 8526 8553 8572 8577 8641 8680 8723 8794 8801 8808 8813 8815 8821 8826 8938 9043 9060 9091 9119 9122 9169 9209 9262 9294 9345 9386 9396 9401 9402 9429 9432 9449 9472 9479 9486 9514 9903 9978 
42 7849 7883 8170 8590 8740 8781 8833 8884 8910 8924 8933 9078 9084 9149 9153 9178 9281 9303 9309 9332 9365 9370 9414 9448 9609 9666 9668 9673 9674 9683 9706 9709 9726 9730 9746 9775 9807 9834 9843 9859 9972 9977 
46 7914 8057 8078 8184 8207 8386 8400 8431 8513 8624 8663 8693 8697 8711 8726 8756 8790 8791 8793 8812 8874 8877 8889 8907 8931 9007 9072 9158 9278 9389 9552 9564 9570 9616 9617 9630 9659 9717 9749 9758 9779 9783 9801 9897 9944 9965 
50 7937 8085 8183 8205 8227 8399 8481 8503 8530 8540 8613 8615 8651 8679 8681 8727 8737 8741 8828 8848 8876 8912 8944 8988 9012 9029 9051 9057 9116 9135 9160 9411 9588 9595 9596 9598 9624 9647 9653 9671 9676 9693 9701 9711 9715 9744 9840 9879 9945 9950 
28 8044 8267 8447 8492 8710 8797 8841 8872 8950 9033 9076 9238 9241 9242 9329 9380 9395 9415 9436 9451 9499 9562 9689 9690 9703 9704 9750 9855 
46 8090 8097 8099 8299 8339 8415 8850 8875 8885 8890 8906 8954 8966 8970 8991 9055 9107 9133 9172 9186 9203 9254 9260 9274 9375 9420 9466 9490 9497 9618 9628 9655 9694 9716 9757 9763 9794 9796 9810 9823 9893 9922 9928 9929 9946 9985 
32 8141 8232 8246 8406 8568 8654 8851 8977 9019 9052 9073 9095 9096 9097 9121 9183 9184 9272 9310 9314 9327 9376 9482 9502 9654 9809 9833 9844 9845 9902 9923 9935 
34 8220 8346 8394 8434 8586 8625 8717 8820 8936 8937 8957 8958 8968 9059 9182 9220 9231 9289 9339 9442 9500 9526 9529 9545 9664 9736 9769 9800 9830 9852 9876 9981 9998 9999 
34 8372 8383 8404 8440 8934 9039 9042 9079 9123 9129 9150 9258 9322 9356 9391 9394 9406 9437 9457 9491 9554 9619 9634 9658 9720 9728 9760 9780 9793 9821 9862 9906 9959 9996 
26 8407 8453 8502 8545 8579 8657 8927 9075 9128 9130 9224 9378 9454 9462 9467 9485 9495 9533 9725 9753 9798 9854 9970 9973 9976 9993 
12 8424 8544 8546 8669 9117 9366 9459 9646 9669 9751 9752 9772 
27 8551 8561 8595 8607 8653 8870 8969 9236 9352 9384 9484 9504 9537 9540 9565 9585 9622 9648 9675 9781 9818 9908 9910 9917 9921 9952 9964 
15 8598 8644 8698 8896 9104 9361 9416 9559 9612 9621 9625 9629 9874 9955 9989 
24 8709 8724 8730 8835 8971 9200 9219 9273 9382 9428 9439 9456 9461 9477 9599 9745 9762 9808 9870 9883 9889 9919 9979 9983 
26 8786 8961 8983 9037 9202 9227 9251 9286 9397 9407 9489 9494 9546 9571 9583 9660 9733 9737 9771 9812 9815 9835 9839 9842 9857 9871 
20 8849 9014 9038 9157 9257 9336 9441 9470 9492 9522 9592 9606 9627 9708 9856 9864 9880 9892 9939 9949 
16 8858 9049 9054 9136 9166 9304 9385 9408 9515 9520 9549 9665 9831 9909 9961 9975 
15 8946 8995 9031 9248 9417 9695 9743 9787 9797 9804 9806 9836 9899 9937 9963 
13 9106 9168 9194 9440 9460 9506 9685 9732 9735 9754 9761 9777 9915 
11 9155 9189 9246 9589 9591 9747 9755 9811 9816 9817 9974 
13 9159 9180 9211 9360 9443 9498 9584 9635 9699 9702 9785 9790 9907 
8 9191 9351 9435 9445 9447 9850 9930 9940 
5 9215 9282 9284 9288 9538 
12 9340 9543 9594 9692 9718 9756 9891 9933 9956 9966 9967 9980 
4 9371 9696 9727 9887 
6 9392 9413 9446 9662 9957 9992 
17 9475 9488 9561 9568 9632 9636 9640 9719 9721 9773 9795 9803 9848 9851 9853 9885 9954 
3 9601 9740 9764 
2 9888 9988 
1 9925 
0 
0 
0 
0 
0 
0 
0 
0 
0 
0 
0 
0 
0 
0 
0 
0 
0 
0 
0 
0 
0 
0 
0 
0 
0 
0 
0 
0 
0 
0 
0 
0 
0 
0 
0 
0 
0 
0 
0 
0 
0 
0 
0 
0 
0 
0 
0 
0 
0 
0 
0 
0 
0 
0 
0 
0 
0 
0 
0 
0 
0 
0 
0 
0 
0 
0 
0 
0 
0 
0 
0 
0 
0 
0 
0 
0 
0 
0 
0 
0 
0 
0 
0 
0 
0 
0 
0 
0 
0 
0 
0 
0 
0 
0 
0 
0 
0 
0 
0 
0 
0 
0 
0 
0 
0 
0 
0 
0 
0 
0 
0 
0 
0 
0 
0 
0 
0 
0 
0 
0 
0 
0 
0 
0 
0 
0 
0 
0 
0 
0 
0 
0 
0 
0 
0 
0 
0 
0 
0 
0 
0 
0 
0 
0 
0 
0 
0 
0 
0 
0 
0 
0 
0 
0 
0 
0 
0 
0 
0 
0 
0 
0 
0 
0 
5 9738 9832 9872 9890 9960 
3 9670 9822 9861 
5 9581 9714 9742 9814 9858 
7 9145 9321 9328 9688 9820 9913 9942 
7 9058 9111 9151 9213 9791 9884 9984 
6 9053 9141 9243 9826 9868 9951 
17 8725 8854 8948 8952 9131 9175 9190 9268 9590 9678 9825 9898 9936 9943 9986 9990 9994 
51 8450 8468 8472 8504 8523 8543 8565 8733 8751 8765 8766 8798 8831 8873 8897 8904 8911 8914 8974 8993 9035 9056 9067 9087 9090 9187 9218 9228 9233 9279 9334 9359 9453 9547 9553 9560 9567 9587 9611 9626 9641 9644 9656 9663 9682 9684 9722 9849 9905 9953 9962 
32 8033 8103 8315 8364 8366 8432 8592 8745 8778 8829 9120 9139 9263 9302 9315 9324 9338 9350 9362 9393 9425 9531 9548 9575 9593 9651 9677 9739 9792 9824 9877 9931 
50 7833 7851 7901 8039 8073 8080 8134 8566 8699 8701 8714 8746 8754 8834 8865 8913 8920 9006 9044 9093 9110 9126 9127 9173 9247 9249 9280 9287 9300 9311 9325 9326 9344 9355 9427 9469 9509 9513 9518 9521 9530 9566 9574 9578 9603 9610 9623 9631 9637 9886 
47 7678 7822 8172 8177 8678 8903 8919 8949 8980 8992 9027 9115 9147 9165 9223 9229 9235 9240 9267 9270 9308 9317 9363 9368 9372 9412 9434 9455 9458 9464 9501 9672 9681 9707 9712 9729 9734 9776 9846 9867 9875 9896 9901 9911 9920 9926 9938 
49 7318 7320 7324 7343 7380 7394 7648 7650 7679 7728 7870 7872 8000 8005 8042 8122 8131 8147 8191 8222 8231 8248 8255 8348 8378 8422 8475 8490 8497 8498 8519 8534 8571 8626 8674 8692 8704 8729 8772 8811 8818 9022 9032 9253 9353 9474 9774 9904 9987 
61 7136 7148 7186 7205 7222 7329 7358 7458 7579 7603 7707 7723 7742 7769 7865 7891 7896 7960 8001 8036 8182 8206 8211 8213 8214 8215 8284 8294 8335 8337 8345 8371 8384 8436 8489 8529 8550 8587 8599 8614 8643 8671 8684 8767 8785 8795 8809 8863 8881 8888 8922 8951 8965 9074 9082 9277 9582 9778 9828 9927 9991 
49 7080 7132 7179 7183 7245 7309 7331 7516 7543 7575 7621 7637 7719 7751 7768 7835 7931 7955 8013 8047 8067 8144 8145 8350 8352 8390 8601 8621 8630 8688 8713 8720 8757 8758 8827 8839 8856 8868 8869 8930 8998 9086 9114 9146 9176 9198 9301 9335 9924 
62 6781 6845 6897 6931 6935 6959 6970 6992 7042 7191 7232 7249 7361 7375 7393 7441 7489 7541 7592 7597 7651 7664 7706 7767 7771 7824 7873 7877 7941 7948 7953 7962 7973 8109 8124 8168 8175 8190 8196 8217 8269 8291 8303 8361 8380 8405 8428 8430 8449 8556 8648 8690 8747 8749 8846 8893 8895 8916 8941 9109 9204 9307 
56 6599 6885 6891 6933 7006 7015 7173 7219 7244 7323 7416 7485 7572 7607 7691 7748 7755 7869 7875 7876 7942 7950 8008 8094 8106 8115 8137 8140 8148 8200 8210 8221 8223 8226 8242 8276 8304 8310 8331 8367 8379 8403 8419 8451 8452 8456 8467 8474 8485 8527 8542 8637 9148 9535 9580 9687 
65 6440 6808 6812 6982 7030 7031 7096 7115 7120 7253 7351 7442 7482 7488 7538 7598 7605 7629 7660 7661 7670 7727 7776 7802 7811 7830 7838 7846 7860 7884 7919 7924 8028 8029 8031 8087 8116 8119 8133 8155 8156 8198 8199 8230 8312 8340 8342 8344 8388 8408 8622 8685 8777 8779 8803 8953 8959 8986 9003 9094 9161 9296 9404 9556 9914 
69 6340 6392 6497 6543 6557 6578 6595 6623 6655 6746 6748 6753 6766 6767 6794 6822 6868 6966 6985 7061 7065 7105 7190 7257 7275 7282 7284 7377 7400 7432 7443 7459 7509 7557 7586 7587 7615 7622 7626 7630 7676 7783 7825 7826 7832 7874 7940 7959 7971 8021 8065 8071 8079 8126 8127 8169 8174 8197 8219 8409 8416 8487 8539 8548 8715 8898 8964 9255 9478 
72 6261 6330 6613 6668 6720 6778 6819 6983 7020 7084 7116 7144 7149 7185 7201 7239 7278 7296 7316 7352 7374 7387 7407 7409 7423 7466 7645 7672 7740 7792 7809 7831 7844 7853 7859 7882 7893 7898 7909 7932 7994 7999 8023 8082 8107 8113 8161 8208 8212 8280 8301 8354 8357 8359 8382 8411 8427 8433 8510 8576 8606 8672 8708 8712 8750 8776 8784 8945 9015 9354 9418 9600 
66 6130 6198 6257 6265 6347 6416 6463 6474 6563 6620 6677 6681 6718 6727 6779 6826 6866 6874 6944 7024 7036 7037 7038 7059 7062 7068 7071 7076 7082 7108 7157 7237 7242 7258 7276 7310 7365 7378 7437 7438 7500 7510 7563 7582 7640 7646 7669 7904 7913 7933 8010 8104 8160 8192 8203 8241 8247 8343 8533 9285 9476 9542 9586 9615 9829 9841 
64 6056 6096 6152 6154 6200 6214 6231 6250 6283 6284 6313 6322 6379 6409 6446 6562 6615 6675 6708 6711 6715 6820 6856 6862 6954 6999 7007 7104 7112 7114 7130 7146 7167 7172 7196 7218 7248 7353 7357 7410 7428 7447 7479 7550 7571 7599 7627 7686 7736 7818 7857 7895 7897 7972 7991 8002 8018 8830 8880 8891 8918 9100 9330 9431 
56 5959 6001 6021 6062 6245 6294 6402 6459 6556 6580 6622 6658 6703 6752 6859 6919 6971 6989 7000 7032 7039 7056 7118 7150 7184 7199 7212 7233 7238 7265 7271 7307 7385 7425 7433 7476 7495 7506 7507 7547 7685 7749 7819 7827 7892 7977 7987 8084 8110 8516 8596 8640 8771 9188 9558 9932 
63 5634 5645 5673 5917 5934 5938 5942 5965 6030 6351 6374 6444 6481 6485 6500 6551 6616 6643 6676 6738 6740 6764 6872 6918 6976 6997 7009 7025 7072 7075 7077 7088 7099 7126 7159 7171 7200 7221 7236 7273 7292 7333 7350 7373 7504 7535 7548 7657 7734 7754 7799 7998 8032 8081 8164 8165 8195 8270 8290 8353 8514 8932 9700 
64 5604 5703 5801 5876 5889 5903 5908 6092 6117 6258 6407 6445 6504 6520 6554 6566 6618 6634 6686 6793 6817 6854 7045 7091 7135 7209 7243 7267 7300 7308 7312 7321 7346 7363 7515 7556 7558 7564 7585 7591 7624 7628 7632 7634 7710 7716 7780 7786 7814 7862 7902 7905 7967 8045 8112 8117 8146 8376 8658 8731 8743 8744 8768 8816 
69 5455 5500 5524 5557 5756 5846 5881 5914 5940 5949 5968 5999 6000 6016 6049 6221 6244 6274 6295 6328 6331 6344 6357 6364 6434 6449 6454 6460 6484 6486 6508 6544 6591 6594 6607 6611 6624 6653 6714 6725 6760 6775 6789 6839 6894 6934 6937 7017 7073 7145 7169 7197 7220 7287 7306 7342 7396 7411 7413 7463 7518 7677 7726 7789 7852 7921 8151 8180 8629 
70 5371 5465 5535 5771 5886 5898 6003 6032 6102 6150 6177 6242 6255 6280 6341 6369 6389 6393 6395 6470 6535 6547 6550 6567 6574 6582 6585 6586 6590 6612 6646 6665 6684 6706 6716 6742 6743 6786 6807 6841 6851 6861 6884 6905 6946 6965 6967 7041 7095 7160 7182 7274 7311 7498 7501 7512 7520 7523 7551 7604 7616 7617 8077 8228 8236 8317 8443 8683 8819 9163 
71 5260 5266 5325 5336 5492 5555 5564 5794 5815 5826 5829 5860 5883 5901 5912 5916 6205 6215 6236 6263 6268 6276 6329 6472 6606 6609 6648 6674 6693 6701 6719 6721 6741 6749 6837 6924 6930 6940 6953 6962 7003 7023 7027 7070 7083 7098 7170 7193 7198 7250 7266 7301 7389 7445 7461 7480 7486 7583 7711 7713 7746 7770 7968 8011 8024 8037 8092 8216 8265 8753 9138 
61 4904 4967 5147 5213 5324 5377 5387 5448 5456 5460 5534 5574 5654 5671 5682 5683 5759 5772 5784 5838 5843 5861 6037 6069 6138 6145 6187 6206 6213 6272 6291 6338 6350 6362 6376 6384 6396 6400 6476 6487 6571 6589 6604 6641 6700 6803 6805 6825 6848 6858 6899 6907 6943 7100 7156 7246 7424 7474 7533 7641 7911 
55 4172 4398 4581 4757 4808 4870 4896 4909 4910 4976 4983 5058 5079 5084 5100 5133 5142 5311 5314 5327 5329 5404 5405 5411 5426 5477 5505 5531 5541 5614 5628 5631 5636 5641 5676 5743 5753 5814 5872 5873 5932 5946 6022 6077 6201 6222 6305 6308 6311 6435 6524 6633 6650 6663 6835 
63 3883 4049 4114 4166 4170 4238 4318 4400 4408 4455 4628 4636 4694 4734 4745 4758 4785 4792 4833 4856 4857 4898 4921 5289 5290 5332 5367 5600 5664 5695 5716 5718 5727 5731 5737 5746 5816 5884 5899 5927 5931 5977 5979 6004 6019 6031 6070 6089 6116 6281 6465 6499 6506 6532 6533 6654 6667 6673 6947 6952 7348 7460 7690 
69 3660 3827 3832 3860 4060 4066 4088 4122 4169 4214 4239 4279 4386 4391 4472 4478 4486 4487 4524 4545 4559 4562 4577 4638 4657 4687 4720 4869 4873 4892 4906 4918 4919 4925 4943 4955 5013 5026 5037 5040 5056 5081 5098 5123 5131 5139 5179 5283 5321 5363 5364 5449 5558 5575 5599 5629 5711 5725 5734 5747 5780 5844 5859 5928 6149 6598 6656 7260 7502 
59 3448 3516 3592 3656 3701 3735 3746 3764 3898 3949 4001 4015 4030 4044 4048 4079 4110 4140 4229 4241 4281 4293 4316 4343 4368 4371 4414 4424 4471 4477 4488 4492 4496 4509 4522 4525 4541 4596 4609 4653 4670 4711 4781 4816 4849 4859 4912 4979 4993 4999 5009 5016 5196 5215 5256 5257 5361 5418 5823 
68 3249 3256 3452 3460 3476 3598 3618 3659 3682 3696 3702 3757 3836 3847 3881 3917 3934 3984 3997 4004 4017 4025 4055 4095 4124 4130 4153 4290 4344 4376 4382 4417 4420 4423 4448 4538 4549 4555 4557 4570 4610 4645 4648 4654 4686 4719 4725 4763 4770 4778 4854 4920 4932 5011 5019 5085 5091 5101 5294 5386 5398 5432 5489 5513 5561 5638 6051 6091 
62 3117 3145 3183 3190 3247 3425 3471 3501 3519 3560 3612 3623 3671 3703 3722 3731 3741 3745 3770 3780 3785 3802 3813 3835 3863 3892 3923 3926 3981 4045 4074 4098 4106 4109 4112 4129 4149 4162 4164 4191 4202 4233 4253 4269 4285 4427 4445 4462 4463 4485 4584 4593 4608 4936 4973 4981 5032 5054 5216 5227 5470 5921 
66 3039 3042 3076 3171 3302 3306 3312 3316 3367 3380 3411 3412 3439 3465 3479 3480 3489 3544 3545 3546 3603 3606 3631 3721 3730 3759 3771 3778 3798 3806 3807 3828 3888 3889 3894 3895 3896 3897 3927 3939 3960 4010 4023 4056 4073 4102 4142 4154 4308 4324 4342 4362 4409 4468 4490 4646 4666 4798 4811 4841 4954 4963 5002 5392 5723 6491 
58 2822 2851 2922 2996 3025 3051 3099 3149 3150 3172 3177 3275 3283 3318 3326 3335 3341 3427 3500 3508 3515 3548 3563 3635 3685 3695 3700 3723 3747 3837 3886 3890 3928 3973 3976 3999 4016 4029 4041 4209 4210 4242 4267 4336 4369 4416 4450 4459 4877 4895 4913 4947 4998 5021 5042 5473 5707 7162 
67 2734 2758 2921 3169 3339 3383 3385 3396 3405 3410 3442 3455 3537 3541 3558 3573 3587 3619 3625 3647 3648 3675 3742 3743 3791 3795 3812 3819 3879 3893 3920 3941 3942 3944 3961 3963 3971 3978 4027 4033 4035 4043 4054 4070 4086 4133 4159 4198 4203 4206 4216 4220 4403 4426 4449 4505 4510 4531 4571 4688 4698 4735 5029 5050 5178 6088 6246 
66 2603 2711 2766 2793 2874 2876 2963 2965 2966 3036 3049 3090 3151 3158 3167 3176 3212 3228 3229 3277 3286 3310 3314 3321 3360 3368 3382 3393 3401 3477 3495 3525 3535 3574 3594 3596 3615 3621 3638 3658 3689 3691 3699 3712 3947 3977 3995 3996 4008 4020 4061 4138 4228 4291 4384 4517 4561 4590 4592 4674 4791 4923 4962 4965 5240 5674 
60 2600 2635 2698 2765 2864 2954 3027 3044 3060 3164 3186 3225 3242 3281 3299 3336 3340 3362 3379 3388 3398 3402 3431 3434 3453 3454 3488 3686 3705 3753 3786 3801 3853 3869 3884 3885 3891 3900 3915 3916 3933 3966 4013 4121 4155 4255 4270 4287 4479 4580 4600 4619 4680 4793 4832 4881 4977 5033 5269 5486 
65 2446 2584 2586 2648 2772 2785 2813 2836 2858 2860 2906 2914 2930 2992 3001 3019 3033 3040 3079 3100 3103 3130 3144 3156 3166 3174 3191 3194 3251 3273 3284 3290 3303 3317 3377 3389 3400 3437 3458 3499 3571 3602 3714 3718 3732 3749 3751 3768 3862 3864 3994 4012 4039 4042 4196 4437 4518 4552 4586 4643 4685 4875 5044 5690 6301 
64 2440 2452 2563 2583 2604 2649 2693 2756 2767 2815 2841 2873 2912 3091 3114 3170 3182 3185 3192 3195 3215 3234 3254 3262 3280 3298 3315 3356 3390 3415 3449 3502 3543 3568 3585 3609 3650 3657 3662 3740 3776 3788 3790 3792 3809 3843 3874 3924 3980 3990 4036 4038 4105 4337 4615 4682 4695 4699 4707 4708 4866 4871 5211 5453 
69 2150 2223 2368 2381 2442 2482 2506 2526 2555 2578 2701 2746 2762 2770 2774 2782 2794 2853 2892 2909 2917 2919 2931 2943 2946 2948 2986 3020 3035 3055 3061 3065 3094 3132 3152 3175 3180 3287 3319 3359 3371 3378 3408 3414 3428 3445 3475 3564 3591 3593 3613 3626 3627 3713 3752 3848 3930 3938 3940 3993 4224 4274 4461 4512 4540 4635 4747 4916 5738 
69 2139 2234 2239 2244 2252 2253 2293 2323 2331 2334 2337 2433 2450 2489 2499 2525 2538 2552 2558 2590 2610 2643 2675 2682 2686 2724 2730 2739 2759 2800 2872 2939 2970 2979 3013 3043 3068 3085 3125 3162 3217 3222 3230 3245 3252 3296 3307 3338 3358 3374 3424 3459 3493 3547 3583 3601 3607 3652 3719 3918 3956 4097 4111 4235 4364 4712 4789 5987 7414 
69 1959 1965 2098 2191 2335 2418 2459 2469 2472 2479 2535 2633 2664 2673 2677 2710 2738 2744 2745 2748 2771 2797 2843 2846 2857 2867 2887 2897 2900 2913 2923 2973 2977 2984 3003 3026 3108 3137 3213 3250 3253 3293 3325 3327 3329 3372 3394 3395 3523 3538 3561 3572 3577 3586 3687 3800 3859 3936 3958 3962 4237 4257 4268 4345 4526 4605 5065 6014 6627 
60 1785 1788 1805 1807 1816 1822 1926 1961 1969 1996 1998 2021 2027 2039 2055 2061 2062 2068 2097 2100 2116 2124 2148 2300 2312 2315 2324 2326 2364 2387 2407 2411 2419 2488 2521 2592 2596 2598 2628 2641 2816 2831 2875 2905 2953 2978 2991 3015 3083 3092 3101 3120 3226 3366 3381 3403 3529 4625 4964 6207 
61 1711 1817 2090 2202 2205 2212 2228 2236 2279 2339 2346 2359 2375 2409 2410 2435 2470 2477 2509 2595 2629 2647 2651 2656 2685 2699 2720 2743 2761 2811 2817 2837 2869 2888 2889 2945 2972 2975 2988 2997 3029 3087 3093 3115 3133 3154 3163 3219 3224 3239 3351 3354 3406 3421 3522 3645 3769 3829 4014 5320 5644 
68 1434 1466 1472 1492 1539 1691 1704 1737 1745 1756 1758 1787 1794 1804 1836 1865 1882 1888 1895 1897 1971 1980 1986 1988 2011 2017 2019 2020 2033 2165 2235 2251 2278 2283 2292 2309 2327 2341 2379 2447 2453 2460 2473 2490 2580 2605 2619 2621 2655 2669 2729 2778 2896 2964 2990 3014 3024 3030 3062 3161 3202 3305 3540 3580 3808 4539 4659 4678 
62 1408 1415 1424 1491 1520 1560 1575 1600 1604 1612 1674 1707 1725 1730 1759 1792 1849 1852 1872 1889 1899 1908 1914 1920 1929 1936 1963 1968 2006 2015 2034 2043 2070 2087 2113 2118 2164 2246 2272 2361 2449 2455 2461 2471 2476 2483 2503 2545 2638 2667 2691 2718 2731 2749 2776 2786 2804 2814 2879 2952 3021 6065 
69 1179 1348 1359 1364 1407 1422 1442 1448 1462 1515 1521 1525 1541 1555 1602 1603 1609 1610 1620 1622 1643 1647 1695 1698 1701 1721 1726 1744 1761 1771 1774 1783 1819 1828 1830 1832 1840 1848 1858 1931 1941 1950 1955 2022 2045 2127 2159 2162 2172 2180 2190 2199 2282 2284 2285 2294 2302 2360 2405 2510 2523 2703 2706 2737 2781 2783 2791 3375 3818 
65 1134 1143 1247 1275 1278 1325 1373 1380 1390 1412 1414 1433 1440 1485 1519 1532 1545 1549 1564 1589 1618 1630 1642 1650 1661 1662 1667 1706 1713 1719 1736 1763 1781 1789 1823 1845 1884 1903 1940 1970 1979 1984 1987 1989 2002 2072 2074 2079 2109 2115 2177 2197 2211 2264 2505 2572 2828 2881 2895 2901 2936 3555 3748 3952 4347 
72 691 746 835 839 910 915 928 931 949 952 970 971 996 1004 1009 1012 1028 1039 1064 1074 1082 1083 1089 1092 1104 1144 1145 1146 1147 1163 1170 1172 1176 1188 1223 1249 1265 1272 1286 1336 1338 1341 1346 1356 1357 1379 1388 1394 1432 1438 1463 1501 1514 1586 1628 1669 1686 1728 1800 2054 2088 2105 2119 2123 2143 2215 2532 2561 2565 3048 4188 4329 
62 493 523 528 534 544 554 563 593 627 653 675 679 682 690 720 739 743 789 790 822 832 844 855 858 861 863 877 895 914 917 920 923 938 955 967 976 985 988 992 1006 1008 1018 1019 1072 1086 1112 1277 1337 1347 1361 1393 1396 1446 1486 1522 1533 1551 1627 1637 1773 1793 3082 
60 306 333 352 377 389 416 417 421 422 432 434 443 456 466 484 499 530 546 550 560 564 569 584 600 603 623 628 633 635 639 645 650 705 716 725 727 742 748 752 757 765 767 770 783 808 809 814 856 859 891 940 990 1010 1022 1079 1106 1268 1315 1397 3399 
66 187 286 295 314 328 330 336 350 375 393 397 402 404 408 420 425 431 435 437 465 468 472 510 521 525 527 529 532 539 545 557 559 567 568 580 585 604 611 613 618 646 649 657 668 672 707 708 712 723 728 732 735 737 754 787 818 843 882 951 1027 1136 1235 1503 1596 1651 5255 
63 42 49 60 61 62 69 70 73 74 80 81 83 84 87 106 109 110 112 115 116 123 125 131 133 143 153 154 155 162 165 176 179 180 186 195 197 201 206 217 218 235 242 251 262 267 284 287 321 340 344 368 371 378 390 396 447 496 503 511 531 582 592 647 
